#-----------------------------------------------------------
# Vivado v2020.2 (64-bit)
# SW Build 3064766 on Wed Nov 18 09:12:45 MST 2020
# IP Build 3064653 on Wed Nov 18 14:17:31 MST 2020
# Start of session at: Tue Jan  4 19:58:10 2022
# Process ID: 31876
# Current directory: C:/BD/Projects/LDL_FinalProject_Sudoku/Sudoku_vivado
# Command line: vivado.exe -gui_launcher_event rodinguilauncherevent9308 C:\BD\Projects\LDL_FinalProject_Sudoku\Sudoku_vivado\Sudoku_vivado.xpr
# Log file: C:/BD/Projects/LDL_FinalProject_Sudoku/Sudoku_vivado/vivado.log
# Journal file: C:/BD/Projects/LDL_FinalProject_Sudoku/Sudoku_vivado\vivado.jou
#-----------------------------------------------------------
start_gui
open_project C:/BD/Projects/LDL_FinalProject_Sudoku/Sudoku_vivado/Sudoku_vivado.xpr
Scanning sources...
Finished scanning sources
INFO: [IP_Flow 19-234] Refreshing IP repositories
INFO: [IP_Flow 19-1704] No user IP repositories specified
INFO: [IP_Flow 19-2313] Loaded Vivado IP repository 'C:/Xilinx/Vivado/2020.2/data/ip'.
update_compile_order -fileset sources_1
exit
INFO: [Common 17-206] Exiting Vivado at Tue Jan  4 19:58:44 2022...
