Copyright 1986-2020 Xilinx, Inc. All Rights Reserved.
-----------------------------------------------------------------------------------------------------------------------------------------------
| Tool Version : Vivado v.2020.2 (win64) Build 3064766 Wed Nov 18 09:12:45 MST 2020
| Date         : Tue Jan 11 14:47:43 2022
| Host         : LAPTOP-YUXUN running 64-bit major release  (build 9200)
| Command      : report_methodology -file TOP_methodology_drc_routed.rpt -pb TOP_methodology_drc_routed.pb -rpx TOP_methodology_drc_routed.rpx
| Design       : TOP
| Device       : xc7a35tcpg236-1
| Speed File   : -1
| Design State : Fully Routed
-----------------------------------------------------------------------------------------------------------------------------------------------

Report Methodology

Table of Contents
-----------------
1. REPORT SUMMARY
2. REPORT DETAILS

1. REPORT SUMMARY
-----------------
            Netlist: netlist
          Floorplan: design_1
      Design limits: <entire design considered>
             Max violations: <unlimited>
             Violations found: 433
+-----------+------------------+-------------------------------+------------+
| Rule      | Severity         | Description                   | Violations |
+-----------+------------------+-------------------------------+------------+
| TIMING-17 | Critical Warning | Non-clocked sequential cell   | 70         |
| TIMING-18 | Warning          | Missing input or output delay | 31         |
| TIMING-20 | Warning          | Non-clocked latch             | 332        |
+-----------+------------------+-------------------------------+------------+

2. REPORT DETAILS
-----------------
TIMING-17#1 Critical Warning
Non-clocked sequential cell  
The clock pin music_inst/audio_inst/playerCtrl_inst/ibeat_reg[0]/C is not reached by a timing clock
Related violations: <none>

TIMING-17#2 Critical Warning
Non-clocked sequential cell  
The clock pin music_inst/audio_inst/playerCtrl_inst/ibeat_reg[1]/C is not reached by a timing clock
Related violations: <none>

TIMING-17#3 Critical Warning
Non-clocked sequential cell  
The clock pin music_inst/audio_inst/playerCtrl_inst/ibeat_reg[2]/C is not reached by a timing clock
Related violations: <none>

TIMING-17#4 Critical Warning
Non-clocked sequential cell  
The clock pin music_inst/audio_inst/playerCtrl_inst/ibeat_reg[3]/C is not reached by a timing clock
Related violations: <none>

TIMING-17#5 Critical Warning
Non-clocked sequential cell  
The clock pin music_inst/audio_inst/playerCtrl_inst/ibeat_reg[4]/C is not reached by a timing clock
Related violations: <none>

TIMING-17#6 Critical Warning
Non-clocked sequential cell  
The clock pin music_inst/audio_inst/playerCtrl_inst/ibeat_reg[5]/C is not reached by a timing clock
Related violations: <none>

TIMING-17#7 Critical Warning
Non-clocked sequential cell  
The clock pin music_inst/audio_inst/playerCtrl_inst/ibeat_reg[6]/C is not reached by a timing clock
Related violations: <none>

TIMING-17#8 Critical Warning
Non-clocked sequential cell  
The clock pin music_inst/audio_inst/playerCtrl_inst/ibeat_reg[7]/C is not reached by a timing clock
Related violations: <none>

TIMING-17#9 Critical Warning
Non-clocked sequential cell  
The clock pin vga_top_inst/pixel_gen_inst/game_pixel_gen_inst/blk_mem_gen_game/U0/inst_blk_mem_gen/gnbram.gnativebmg.native_blk_mem_gen/valid.cstr/has_mux_a.A/no_softecc_norm_sel2.has_mem_regs.WITHOUT_ECC_PIPE.ce_pri.sel_pipe_d1_reg[0]/C is not reached by a timing clock
Related violations: <none>

TIMING-17#10 Critical Warning
Non-clocked sequential cell  
The clock pin vga_top_inst/pixel_gen_inst/game_pixel_gen_inst/blk_mem_gen_game/U0/inst_blk_mem_gen/gnbram.gnativebmg.native_blk_mem_gen/valid.cstr/has_mux_a.A/no_softecc_norm_sel2.has_mem_regs.WITHOUT_ECC_PIPE.ce_pri.sel_pipe_d1_reg[1]/C is not reached by a timing clock
Related violations: <none>

TIMING-17#11 Critical Warning
Non-clocked sequential cell  
The clock pin vga_top_inst/pixel_gen_inst/game_pixel_gen_inst/blk_mem_gen_game/U0/inst_blk_mem_gen/gnbram.gnativebmg.native_blk_mem_gen/valid.cstr/has_mux_a.A/no_softecc_norm_sel2.has_mem_regs.WITHOUT_ECC_PIPE.ce_pri.sel_pipe_d1_reg[2]/C is not reached by a timing clock
Related violations: <none>

TIMING-17#12 Critical Warning
Non-clocked sequential cell  
The clock pin vga_top_inst/pixel_gen_inst/game_pixel_gen_inst/blk_mem_gen_game/U0/inst_blk_mem_gen/gnbram.gnativebmg.native_blk_mem_gen/valid.cstr/has_mux_a.A/no_softecc_norm_sel2.has_mem_regs.WITHOUT_ECC_PIPE.ce_pri.sel_pipe_d1_reg[3]/C is not reached by a timing clock
Related violations: <none>

TIMING-17#13 Critical Warning
Non-clocked sequential cell  
The clock pin vga_top_inst/pixel_gen_inst/game_pixel_gen_inst/blk_mem_gen_game/U0/inst_blk_mem_gen/gnbram.gnativebmg.native_blk_mem_gen/valid.cstr/has_mux_a.A/no_softecc_norm_sel2.has_mem_regs.WITHOUT_ECC_PIPE.ce_pri.sel_pipe_d1_reg[4]/C is not reached by a timing clock
Related violations: <none>

TIMING-17#14 Critical Warning
Non-clocked sequential cell  
The clock pin vga_top_inst/pixel_gen_inst/game_pixel_gen_inst/blk_mem_gen_game/U0/inst_blk_mem_gen/gnbram.gnativebmg.native_blk_mem_gen/valid.cstr/has_mux_a.A/no_softecc_sel_reg.ce_pri.sel_pipe_reg[0]/C is not reached by a timing clock
Related violations: <none>

TIMING-17#15 Critical Warning
Non-clocked sequential cell  
The clock pin vga_top_inst/pixel_gen_inst/game_pixel_gen_inst/blk_mem_gen_game/U0/inst_blk_mem_gen/gnbram.gnativebmg.native_blk_mem_gen/valid.cstr/has_mux_a.A/no_softecc_sel_reg.ce_pri.sel_pipe_reg[1]/C is not reached by a timing clock
Related violations: <none>

TIMING-17#16 Critical Warning
Non-clocked sequential cell  
The clock pin vga_top_inst/pixel_gen_inst/game_pixel_gen_inst/blk_mem_gen_game/U0/inst_blk_mem_gen/gnbram.gnativebmg.native_blk_mem_gen/valid.cstr/has_mux_a.A/no_softecc_sel_reg.ce_pri.sel_pipe_reg[2]/C is not reached by a timing clock
Related violations: <none>

TIMING-17#17 Critical Warning
Non-clocked sequential cell  
The clock pin vga_top_inst/pixel_gen_inst/game_pixel_gen_inst/blk_mem_gen_game/U0/inst_blk_mem_gen/gnbram.gnativebmg.native_blk_mem_gen/valid.cstr/has_mux_a.A/no_softecc_sel_reg.ce_pri.sel_pipe_reg[3]/C is not reached by a timing clock
Related violations: <none>

TIMING-17#18 Critical Warning
Non-clocked sequential cell  
The clock pin vga_top_inst/pixel_gen_inst/game_pixel_gen_inst/blk_mem_gen_game/U0/inst_blk_mem_gen/gnbram.gnativebmg.native_blk_mem_gen/valid.cstr/has_mux_a.A/no_softecc_sel_reg.ce_pri.sel_pipe_reg[4]/C is not reached by a timing clock
Related violations: <none>

TIMING-17#19 Critical Warning
Non-clocked sequential cell  
The clock pin vga_top_inst/pixel_gen_inst/game_pixel_gen_inst/blk_mem_gen_game/U0/inst_blk_mem_gen/gnbram.gnativebmg.native_blk_mem_gen/valid.cstr/ramloop[0].ram.r/prim_init.ram/DEVICE_7SERIES.NO_BMM_INFO.SP.CASCADED_PRIM36.ram_B/CLKARDCLK is not reached by a timing clock
Related violations: <none>

TIMING-17#20 Critical Warning
Non-clocked sequential cell  
The clock pin vga_top_inst/pixel_gen_inst/game_pixel_gen_inst/blk_mem_gen_game/U0/inst_blk_mem_gen/gnbram.gnativebmg.native_blk_mem_gen/valid.cstr/ramloop[0].ram.r/prim_init.ram/DEVICE_7SERIES.NO_BMM_INFO.SP.CASCADED_PRIM36.ram_T/CLKARDCLK is not reached by a timing clock
Related violations: <none>

TIMING-17#21 Critical Warning
Non-clocked sequential cell  
The clock pin vga_top_inst/pixel_gen_inst/game_pixel_gen_inst/blk_mem_gen_game/U0/inst_blk_mem_gen/gnbram.gnativebmg.native_blk_mem_gen/valid.cstr/ramloop[0].ram.r/prim_init.ram/vga_top_inst/pixel_gen_inst/game_pixel_gen_inst/blk_mem_gen_game/U0/inst_blk_mem_gen/gnbram.gnativebmg.native_blk_mem_gen/valid.cstr/ramloop[0].ram.r/prim_init.ram/DEVICE_7SERIES.NO_BMM_INFO.SP.CASCADED_PRIM36.ram_B_cooolgate_en_gate_1_cooolDelFlop/C is not reached by a timing clock
Related violations: <none>

TIMING-17#22 Critical Warning
Non-clocked sequential cell  
The clock pin vga_top_inst/pixel_gen_inst/game_pixel_gen_inst/blk_mem_gen_game/U0/inst_blk_mem_gen/gnbram.gnativebmg.native_blk_mem_gen/valid.cstr/ramloop[1].ram.r/prim_init.ram/DEVICE_7SERIES.NO_BMM_INFO.SP.SIMPLE_PRIM18.ram/CLKARDCLK is not reached by a timing clock
Related violations: <none>

TIMING-17#23 Critical Warning
Non-clocked sequential cell  
The clock pin vga_top_inst/pixel_gen_inst/game_pixel_gen_inst/blk_mem_gen_game/U0/inst_blk_mem_gen/gnbram.gnativebmg.native_blk_mem_gen/valid.cstr/ramloop[2].ram.r/prim_init.ram/DEVICE_7SERIES.NO_BMM_INFO.SP.SIMPLE_PRIM18.ram/CLKARDCLK is not reached by a timing clock
Related violations: <none>

TIMING-17#24 Critical Warning
Non-clocked sequential cell  
The clock pin vga_top_inst/pixel_gen_inst/game_pixel_gen_inst/blk_mem_gen_game/U0/inst_blk_mem_gen/gnbram.gnativebmg.native_blk_mem_gen/valid.cstr/ramloop[3].ram.r/prim_init.ram/DEVICE_7SERIES.NO_BMM_INFO.SP.CASCADED_PRIM36.ram_B/CLKARDCLK is not reached by a timing clock
Related violations: <none>

TIMING-17#25 Critical Warning
Non-clocked sequential cell  
The clock pin vga_top_inst/pixel_gen_inst/game_pixel_gen_inst/blk_mem_gen_game/U0/inst_blk_mem_gen/gnbram.gnativebmg.native_blk_mem_gen/valid.cstr/ramloop[3].ram.r/prim_init.ram/DEVICE_7SERIES.NO_BMM_INFO.SP.CASCADED_PRIM36.ram_T/CLKARDCLK is not reached by a timing clock
Related violations: <none>

TIMING-17#26 Critical Warning
Non-clocked sequential cell  
The clock pin vga_top_inst/pixel_gen_inst/game_pixel_gen_inst/blk_mem_gen_game/U0/inst_blk_mem_gen/gnbram.gnativebmg.native_blk_mem_gen/valid.cstr/ramloop[4].ram.r/prim_init.ram/DEVICE_7SERIES.NO_BMM_INFO.SP.CASCADED_PRIM36.ram_B/CLKARDCLK is not reached by a timing clock
Related violations: <none>

TIMING-17#27 Critical Warning
Non-clocked sequential cell  
The clock pin vga_top_inst/pixel_gen_inst/game_pixel_gen_inst/blk_mem_gen_game/U0/inst_blk_mem_gen/gnbram.gnativebmg.native_blk_mem_gen/valid.cstr/ramloop[4].ram.r/prim_init.ram/DEVICE_7SERIES.NO_BMM_INFO.SP.CASCADED_PRIM36.ram_T/CLKARDCLK is not reached by a timing clock
Related violations: <none>

TIMING-17#28 Critical Warning
Non-clocked sequential cell  
The clock pin vga_top_inst/pixel_gen_inst/game_pixel_gen_inst/blk_mem_gen_game/U0/inst_blk_mem_gen/gnbram.gnativebmg.native_blk_mem_gen/valid.cstr/ramloop[5].ram.r/prim_init.ram/DEVICE_7SERIES.NO_BMM_INFO.SP.SIMPLE_PRIM18.ram/CLKARDCLK is not reached by a timing clock
Related violations: <none>

TIMING-17#29 Critical Warning
Non-clocked sequential cell  
The clock pin vga_top_inst/pixel_gen_inst/game_pixel_gen_inst/num1_mem_gen_inst/U0/inst_blk_mem_gen/gnbram.gnativebmg.native_blk_mem_gen/valid.cstr/ramloop[0].ram.r/prim_init.ram/DEVICE_7SERIES.NO_BMM_INFO.SP.SIMPLE_PRIM18.ram/CLKARDCLK is not reached by a timing clock
Related violations: <none>

TIMING-17#30 Critical Warning
Non-clocked sequential cell  
The clock pin vga_top_inst/pixel_gen_inst/game_pixel_gen_inst/num2_mem_gen_inst/U0/inst_blk_mem_gen/gnbram.gnativebmg.native_blk_mem_gen/valid.cstr/ramloop[0].ram.r/prim_init.ram/DEVICE_7SERIES.NO_BMM_INFO.SP.SIMPLE_PRIM18.ram/CLKARDCLK is not reached by a timing clock
Related violations: <none>

TIMING-17#31 Critical Warning
Non-clocked sequential cell  
The clock pin vga_top_inst/pixel_gen_inst/game_pixel_gen_inst/num3_mem_gen_inst/U0/inst_blk_mem_gen/gnbram.gnativebmg.native_blk_mem_gen/valid.cstr/ramloop[0].ram.r/prim_init.ram/DEVICE_7SERIES.NO_BMM_INFO.SP.SIMPLE_PRIM18.ram/CLKARDCLK is not reached by a timing clock
Related violations: <none>

TIMING-17#32 Critical Warning
Non-clocked sequential cell  
The clock pin vga_top_inst/pixel_gen_inst/game_pixel_gen_inst/num4_mem_gen_inst/U0/inst_blk_mem_gen/gnbram.gnativebmg.native_blk_mem_gen/valid.cstr/ramloop[0].ram.r/prim_init.ram/DEVICE_7SERIES.NO_BMM_INFO.SP.SIMPLE_PRIM18.ram/CLKARDCLK is not reached by a timing clock
Related violations: <none>

TIMING-17#33 Critical Warning
Non-clocked sequential cell  
The clock pin vga_top_inst/pixel_gen_inst/game_pixel_gen_inst/num5_mem_gen_inst/U0/inst_blk_mem_gen/gnbram.gnativebmg.native_blk_mem_gen/valid.cstr/ramloop[0].ram.r/prim_init.ram/DEVICE_7SERIES.NO_BMM_INFO.SP.SIMPLE_PRIM18.ram/CLKARDCLK is not reached by a timing clock
Related violations: <none>

TIMING-17#34 Critical Warning
Non-clocked sequential cell  
The clock pin vga_top_inst/pixel_gen_inst/game_pixel_gen_inst/num6_mem_gen_inst/U0/inst_blk_mem_gen/gnbram.gnativebmg.native_blk_mem_gen/valid.cstr/ramloop[0].ram.r/prim_init.ram/DEVICE_7SERIES.NO_BMM_INFO.SP.SIMPLE_PRIM18.ram/CLKARDCLK is not reached by a timing clock
Related violations: <none>

TIMING-17#35 Critical Warning
Non-clocked sequential cell  
The clock pin vga_top_inst/pixel_gen_inst/game_pixel_gen_inst/num7_mem_gen_inst/U0/inst_blk_mem_gen/gnbram.gnativebmg.native_blk_mem_gen/valid.cstr/ramloop[0].ram.r/prim_init.ram/DEVICE_7SERIES.NO_BMM_INFO.SP.SIMPLE_PRIM18.ram/CLKARDCLK is not reached by a timing clock
Related violations: <none>

TIMING-17#36 Critical Warning
Non-clocked sequential cell  
The clock pin vga_top_inst/pixel_gen_inst/game_pixel_gen_inst/num8_mem_gen_inst/U0/inst_blk_mem_gen/gnbram.gnativebmg.native_blk_mem_gen/valid.cstr/ramloop[0].ram.r/prim_init.ram/DEVICE_7SERIES.NO_BMM_INFO.SP.SIMPLE_PRIM18.ram/CLKARDCLK is not reached by a timing clock
Related violations: <none>

TIMING-17#37 Critical Warning
Non-clocked sequential cell  
The clock pin vga_top_inst/pixel_gen_inst/game_pixel_gen_inst/num9_mem_gen_inst/U0/inst_blk_mem_gen/gnbram.gnativebmg.native_blk_mem_gen/valid.cstr/ramloop[0].ram.r/prim_init.ram/DEVICE_7SERIES.NO_BMM_INFO.SP.SIMPLE_PRIM18.ram/CLKARDCLK is not reached by a timing clock
Related violations: <none>

TIMING-17#38 Critical Warning
Non-clocked sequential cell  
The clock pin vga_top_inst/pixel_gen_inst/menu_pixel_gen_inst/blk_mem_gen_menu/U0/inst_blk_mem_gen/gnbram.gnativebmg.native_blk_mem_gen/valid.cstr/has_mux_a.A/no_softecc_norm_sel2.has_mem_regs.WITHOUT_ECC_PIPE.ce_pri.sel_pipe_d1_reg[0]/C is not reached by a timing clock
Related violations: <none>

TIMING-17#39 Critical Warning
Non-clocked sequential cell  
The clock pin vga_top_inst/pixel_gen_inst/menu_pixel_gen_inst/blk_mem_gen_menu/U0/inst_blk_mem_gen/gnbram.gnativebmg.native_blk_mem_gen/valid.cstr/has_mux_a.A/no_softecc_norm_sel2.has_mem_regs.WITHOUT_ECC_PIPE.ce_pri.sel_pipe_d1_reg[1]/C is not reached by a timing clock
Related violations: <none>

TIMING-17#40 Critical Warning
Non-clocked sequential cell  
The clock pin vga_top_inst/pixel_gen_inst/menu_pixel_gen_inst/blk_mem_gen_menu/U0/inst_blk_mem_gen/gnbram.gnativebmg.native_blk_mem_gen/valid.cstr/has_mux_a.A/no_softecc_norm_sel2.has_mem_regs.WITHOUT_ECC_PIPE.ce_pri.sel_pipe_d1_reg[2]/C is not reached by a timing clock
Related violations: <none>

TIMING-17#41 Critical Warning
Non-clocked sequential cell  
The clock pin vga_top_inst/pixel_gen_inst/menu_pixel_gen_inst/blk_mem_gen_menu/U0/inst_blk_mem_gen/gnbram.gnativebmg.native_blk_mem_gen/valid.cstr/has_mux_a.A/no_softecc_sel_reg.ce_pri.sel_pipe_reg[0]/C is not reached by a timing clock
Related violations: <none>

TIMING-17#42 Critical Warning
Non-clocked sequential cell  
The clock pin vga_top_inst/pixel_gen_inst/menu_pixel_gen_inst/blk_mem_gen_menu/U0/inst_blk_mem_gen/gnbram.gnativebmg.native_blk_mem_gen/valid.cstr/has_mux_a.A/no_softecc_sel_reg.ce_pri.sel_pipe_reg[1]/C is not reached by a timing clock
Related violations: <none>

TIMING-17#43 Critical Warning
Non-clocked sequential cell  
The clock pin vga_top_inst/pixel_gen_inst/menu_pixel_gen_inst/blk_mem_gen_menu/U0/inst_blk_mem_gen/gnbram.gnativebmg.native_blk_mem_gen/valid.cstr/has_mux_a.A/no_softecc_sel_reg.ce_pri.sel_pipe_reg[2]/C is not reached by a timing clock
Related violations: <none>

TIMING-17#44 Critical Warning
Non-clocked sequential cell  
The clock pin vga_top_inst/pixel_gen_inst/menu_pixel_gen_inst/blk_mem_gen_menu/U0/inst_blk_mem_gen/gnbram.gnativebmg.native_blk_mem_gen/valid.cstr/ramloop[0].ram.r/prim_init.ram/DEVICE_7SERIES.NO_BMM_INFO.SP.CASCADED_PRIM36.ram_B/CLKARDCLK is not reached by a timing clock
Related violations: <none>

TIMING-17#45 Critical Warning
Non-clocked sequential cell  
The clock pin vga_top_inst/pixel_gen_inst/menu_pixel_gen_inst/blk_mem_gen_menu/U0/inst_blk_mem_gen/gnbram.gnativebmg.native_blk_mem_gen/valid.cstr/ramloop[0].ram.r/prim_init.ram/DEVICE_7SERIES.NO_BMM_INFO.SP.CASCADED_PRIM36.ram_T/CLKARDCLK is not reached by a timing clock
Related violations: <none>

TIMING-17#46 Critical Warning
Non-clocked sequential cell  
The clock pin vga_top_inst/pixel_gen_inst/menu_pixel_gen_inst/blk_mem_gen_menu/U0/inst_blk_mem_gen/gnbram.gnativebmg.native_blk_mem_gen/valid.cstr/ramloop[1].ram.r/prim_init.ram/DEVICE_7SERIES.NO_BMM_INFO.SP.SIMPLE_PRIM36.ram/CLKARDCLK is not reached by a timing clock
Related violations: <none>

TIMING-17#47 Critical Warning
Non-clocked sequential cell  
The clock pin vga_top_inst/pixel_gen_inst/menu_pixel_gen_inst/blk_mem_gen_menu/U0/inst_blk_mem_gen/gnbram.gnativebmg.native_blk_mem_gen/valid.cstr/ramloop[2].ram.r/prim_init.ram/DEVICE_7SERIES.NO_BMM_INFO.SP.CASCADED_PRIM36.ram_B/CLKARDCLK is not reached by a timing clock
Related violations: <none>

TIMING-17#48 Critical Warning
Non-clocked sequential cell  
The clock pin vga_top_inst/pixel_gen_inst/menu_pixel_gen_inst/blk_mem_gen_menu/U0/inst_blk_mem_gen/gnbram.gnativebmg.native_blk_mem_gen/valid.cstr/ramloop[2].ram.r/prim_init.ram/DEVICE_7SERIES.NO_BMM_INFO.SP.CASCADED_PRIM36.ram_T/CLKARDCLK is not reached by a timing clock
Related violations: <none>

TIMING-17#49 Critical Warning
Non-clocked sequential cell  
The clock pin vga_top_inst/vga_controller_inst/hsync_i_reg/C is not reached by a timing clock
Related violations: <none>

TIMING-17#50 Critical Warning
Non-clocked sequential cell  
The clock pin vga_top_inst/vga_controller_inst/line_cnt_reg[0]/C is not reached by a timing clock
Related violations: <none>

TIMING-17#51 Critical Warning
Non-clocked sequential cell  
The clock pin vga_top_inst/vga_controller_inst/line_cnt_reg[1]/C is not reached by a timing clock
Related violations: <none>

TIMING-17#52 Critical Warning
Non-clocked sequential cell  
The clock pin vga_top_inst/vga_controller_inst/line_cnt_reg[2]/C is not reached by a timing clock
Related violations: <none>

TIMING-17#53 Critical Warning
Non-clocked sequential cell  
The clock pin vga_top_inst/vga_controller_inst/line_cnt_reg[3]/C is not reached by a timing clock
Related violations: <none>

TIMING-17#54 Critical Warning
Non-clocked sequential cell  
The clock pin vga_top_inst/vga_controller_inst/line_cnt_reg[4]/C is not reached by a timing clock
Related violations: <none>

TIMING-17#55 Critical Warning
Non-clocked sequential cell  
The clock pin vga_top_inst/vga_controller_inst/line_cnt_reg[5]/C is not reached by a timing clock
Related violations: <none>

TIMING-17#56 Critical Warning
Non-clocked sequential cell  
The clock pin vga_top_inst/vga_controller_inst/line_cnt_reg[6]/C is not reached by a timing clock
Related violations: <none>

TIMING-17#57 Critical Warning
Non-clocked sequential cell  
The clock pin vga_top_inst/vga_controller_inst/line_cnt_reg[7]/C is not reached by a timing clock
Related violations: <none>

TIMING-17#58 Critical Warning
Non-clocked sequential cell  
The clock pin vga_top_inst/vga_controller_inst/line_cnt_reg[8]/C is not reached by a timing clock
Related violations: <none>

TIMING-17#59 Critical Warning
Non-clocked sequential cell  
The clock pin vga_top_inst/vga_controller_inst/line_cnt_reg[9]/C is not reached by a timing clock
Related violations: <none>

TIMING-17#60 Critical Warning
Non-clocked sequential cell  
The clock pin vga_top_inst/vga_controller_inst/pixel_cnt_reg[0]/C is not reached by a timing clock
Related violations: <none>

TIMING-17#61 Critical Warning
Non-clocked sequential cell  
The clock pin vga_top_inst/vga_controller_inst/pixel_cnt_reg[1]/C is not reached by a timing clock
Related violations: <none>

TIMING-17#62 Critical Warning
Non-clocked sequential cell  
The clock pin vga_top_inst/vga_controller_inst/pixel_cnt_reg[2]/C is not reached by a timing clock
Related violations: <none>

TIMING-17#63 Critical Warning
Non-clocked sequential cell  
The clock pin vga_top_inst/vga_controller_inst/pixel_cnt_reg[3]/C is not reached by a timing clock
Related violations: <none>

TIMING-17#64 Critical Warning
Non-clocked sequential cell  
The clock pin vga_top_inst/vga_controller_inst/pixel_cnt_reg[4]/C is not reached by a timing clock
Related violations: <none>

TIMING-17#65 Critical Warning
Non-clocked sequential cell  
The clock pin vga_top_inst/vga_controller_inst/pixel_cnt_reg[5]/C is not reached by a timing clock
Related violations: <none>

TIMING-17#66 Critical Warning
Non-clocked sequential cell  
The clock pin vga_top_inst/vga_controller_inst/pixel_cnt_reg[6]/C is not reached by a timing clock
Related violations: <none>

TIMING-17#67 Critical Warning
Non-clocked sequential cell  
The clock pin vga_top_inst/vga_controller_inst/pixel_cnt_reg[7]/C is not reached by a timing clock
Related violations: <none>

TIMING-17#68 Critical Warning
Non-clocked sequential cell  
The clock pin vga_top_inst/vga_controller_inst/pixel_cnt_reg[8]/C is not reached by a timing clock
Related violations: <none>

TIMING-17#69 Critical Warning
Non-clocked sequential cell  
The clock pin vga_top_inst/vga_controller_inst/pixel_cnt_reg[9]/C is not reached by a timing clock
Related violations: <none>

TIMING-17#70 Critical Warning
Non-clocked sequential cell  
The clock pin vga_top_inst/vga_controller_inst/vsync_i_reg/C is not reached by a timing clock
Related violations: <none>

TIMING-18#1 Warning
Missing input or output delay  
An input delay is missing on PS2_CLK relative to clock(s) sys_clk_pin
Related violations: <none>

TIMING-18#2 Warning
Missing input or output delay  
An input delay is missing on PS2_DATA relative to clock(s) sys_clk_pin
Related violations: <none>

TIMING-18#3 Warning
Missing input or output delay  
An input delay is missing on btnC relative to clock(s) sys_clk_pin
Related violations: <none>

TIMING-18#4 Warning
Missing input or output delay  
An input delay is missing on btnR relative to clock(s) sys_clk_pin
Related violations: <none>

TIMING-18#5 Warning
Missing input or output delay  
An input delay is missing on btnU relative to clock(s) sys_clk_pin
Related violations: <none>

TIMING-18#6 Warning
Missing input or output delay  
An input delay is missing on col[0] relative to clock(s) sys_clk_pin
Related violations: <none>

TIMING-18#7 Warning
Missing input or output delay  
An input delay is missing on col[1] relative to clock(s) sys_clk_pin
Related violations: <none>

TIMING-18#8 Warning
Missing input or output delay  
An input delay is missing on col[2] relative to clock(s) sys_clk_pin
Related violations: <none>

TIMING-18#9 Warning
Missing input or output delay  
An input delay is missing on col[3] relative to clock(s) sys_clk_pin
Related violations: <none>

TIMING-18#10 Warning
Missing input or output delay  
An input delay is missing on in_data[0] relative to clock(s) sys_clk_pin
Related violations: <none>

TIMING-18#11 Warning
Missing input or output delay  
An input delay is missing on in_data[1] relative to clock(s) sys_clk_pin
Related violations: <none>

TIMING-18#12 Warning
Missing input or output delay  
An input delay is missing on in_data[2] relative to clock(s) sys_clk_pin
Related violations: <none>

TIMING-18#13 Warning
Missing input or output delay  
An input delay is missing on in_data[3] relative to clock(s) sys_clk_pin
Related violations: <none>

TIMING-18#14 Warning
Missing input or output delay  
An input delay is missing on row[0] relative to clock(s) sys_clk_pin
Related violations: <none>

TIMING-18#15 Warning
Missing input or output delay  
An input delay is missing on row[1] relative to clock(s) sys_clk_pin
Related violations: <none>

TIMING-18#16 Warning
Missing input or output delay  
An input delay is missing on row[2] relative to clock(s) sys_clk_pin
Related violations: <none>

TIMING-18#17 Warning
Missing input or output delay  
An input delay is missing on row[3] relative to clock(s) sys_clk_pin
Related violations: <none>

TIMING-18#18 Warning
Missing input or output delay  
An output delay is missing on pmod_1 relative to clock(s) sys_clk_pin
Related violations: <none>

TIMING-18#19 Warning
Missing input or output delay  
An output delay is missing on valid relative to clock(s) sys_clk_pin
Related violations: <none>

TIMING-18#20 Warning
Missing input or output delay  
An output delay is missing on vgaBlue[0] relative to clock(s) sys_clk_pin
Related violations: <none>

TIMING-18#21 Warning
Missing input or output delay  
An output delay is missing on vgaBlue[1] relative to clock(s) sys_clk_pin
Related violations: <none>

TIMING-18#22 Warning
Missing input or output delay  
An output delay is missing on vgaBlue[2] relative to clock(s) sys_clk_pin
Related violations: <none>

TIMING-18#23 Warning
Missing input or output delay  
An output delay is missing on vgaBlue[3] relative to clock(s) sys_clk_pin
Related violations: <none>

TIMING-18#24 Warning
Missing input or output delay  
An output delay is missing on vgaGreen[0] relative to clock(s) sys_clk_pin
Related violations: <none>

TIMING-18#25 Warning
Missing input or output delay  
An output delay is missing on vgaGreen[1] relative to clock(s) sys_clk_pin
Related violations: <none>

TIMING-18#26 Warning
Missing input or output delay  
An output delay is missing on vgaGreen[2] relative to clock(s) sys_clk_pin
Related violations: <none>

TIMING-18#27 Warning
Missing input or output delay  
An output delay is missing on vgaGreen[3] relative to clock(s) sys_clk_pin
Related violations: <none>

TIMING-18#28 Warning
Missing input or output delay  
An output delay is missing on vgaRed[0] relative to clock(s) sys_clk_pin
Related violations: <none>

TIMING-18#29 Warning
Missing input or output delay  
An output delay is missing on vgaRed[1] relative to clock(s) sys_clk_pin
Related violations: <none>

TIMING-18#30 Warning
Missing input or output delay  
An output delay is missing on vgaRed[2] relative to clock(s) sys_clk_pin
Related violations: <none>

TIMING-18#31 Warning
Missing input or output delay  
An output delay is missing on vgaRed[3] relative to clock(s) sys_clk_pin
Related violations: <none>

TIMING-20#1 Warning
Non-clocked latch  
The latch sudoku_solver_inst/col_next_reg[0] cannot be properly analyzed as its control pin sudoku_solver_inst/col_next_reg[0]/G is not reached by a timing clock
Related violations: <none>

TIMING-20#2 Warning
Non-clocked latch  
The latch sudoku_solver_inst/col_next_reg[1] cannot be properly analyzed as its control pin sudoku_solver_inst/col_next_reg[1]/G is not reached by a timing clock
Related violations: <none>

TIMING-20#3 Warning
Non-clocked latch  
The latch sudoku_solver_inst/col_next_reg[2] cannot be properly analyzed as its control pin sudoku_solver_inst/col_next_reg[2]/G is not reached by a timing clock
Related violations: <none>

TIMING-20#4 Warning
Non-clocked latch  
The latch sudoku_solver_inst/col_next_reg[3] cannot be properly analyzed as its control pin sudoku_solver_inst/col_next_reg[3]/G is not reached by a timing clock
Related violations: <none>

TIMING-20#5 Warning
Non-clocked latch  
The latch sudoku_solver_inst/row_next_reg[0] cannot be properly analyzed as its control pin sudoku_solver_inst/row_next_reg[0]/G is not reached by a timing clock
Related violations: <none>

TIMING-20#6 Warning
Non-clocked latch  
The latch sudoku_solver_inst/row_next_reg[1] cannot be properly analyzed as its control pin sudoku_solver_inst/row_next_reg[1]/G is not reached by a timing clock
Related violations: <none>

TIMING-20#7 Warning
Non-clocked latch  
The latch sudoku_solver_inst/row_next_reg[2] cannot be properly analyzed as its control pin sudoku_solver_inst/row_next_reg[2]/G is not reached by a timing clock
Related violations: <none>

TIMING-20#8 Warning
Non-clocked latch  
The latch sudoku_solver_inst/row_next_reg[3] cannot be properly analyzed as its control pin sudoku_solver_inst/row_next_reg[3]/G is not reached by a timing clock
Related violations: <none>

TIMING-20#9 Warning
Non-clocked latch  
The latch sudokugen_inst/board_reg[0] cannot be properly analyzed as its control pin sudokugen_inst/board_reg[0]/G is not reached by a timing clock
Related violations: <none>

TIMING-20#10 Warning
Non-clocked latch  
The latch sudokugen_inst/board_reg[100] cannot be properly analyzed as its control pin sudokugen_inst/board_reg[100]/G is not reached by a timing clock
Related violations: <none>

TIMING-20#11 Warning
Non-clocked latch  
The latch sudokugen_inst/board_reg[101] cannot be properly analyzed as its control pin sudokugen_inst/board_reg[101]/G is not reached by a timing clock
Related violations: <none>

TIMING-20#12 Warning
Non-clocked latch  
The latch sudokugen_inst/board_reg[102] cannot be properly analyzed as its control pin sudokugen_inst/board_reg[102]/G is not reached by a timing clock
Related violations: <none>

TIMING-20#13 Warning
Non-clocked latch  
The latch sudokugen_inst/board_reg[103] cannot be properly analyzed as its control pin sudokugen_inst/board_reg[103]/G is not reached by a timing clock
Related violations: <none>

TIMING-20#14 Warning
Non-clocked latch  
The latch sudokugen_inst/board_reg[104] cannot be properly analyzed as its control pin sudokugen_inst/board_reg[104]/G is not reached by a timing clock
Related violations: <none>

TIMING-20#15 Warning
Non-clocked latch  
The latch sudokugen_inst/board_reg[105] cannot be properly analyzed as its control pin sudokugen_inst/board_reg[105]/G is not reached by a timing clock
Related violations: <none>

TIMING-20#16 Warning
Non-clocked latch  
The latch sudokugen_inst/board_reg[106] cannot be properly analyzed as its control pin sudokugen_inst/board_reg[106]/G is not reached by a timing clock
Related violations: <none>

TIMING-20#17 Warning
Non-clocked latch  
The latch sudokugen_inst/board_reg[107] cannot be properly analyzed as its control pin sudokugen_inst/board_reg[107]/G is not reached by a timing clock
Related violations: <none>

TIMING-20#18 Warning
Non-clocked latch  
The latch sudokugen_inst/board_reg[108] cannot be properly analyzed as its control pin sudokugen_inst/board_reg[108]/G is not reached by a timing clock
Related violations: <none>

TIMING-20#19 Warning
Non-clocked latch  
The latch sudokugen_inst/board_reg[109] cannot be properly analyzed as its control pin sudokugen_inst/board_reg[109]/G is not reached by a timing clock
Related violations: <none>

TIMING-20#20 Warning
Non-clocked latch  
The latch sudokugen_inst/board_reg[10] cannot be properly analyzed as its control pin sudokugen_inst/board_reg[10]/G is not reached by a timing clock
Related violations: <none>

TIMING-20#21 Warning
Non-clocked latch  
The latch sudokugen_inst/board_reg[110] cannot be properly analyzed as its control pin sudokugen_inst/board_reg[110]/G is not reached by a timing clock
Related violations: <none>

TIMING-20#22 Warning
Non-clocked latch  
The latch sudokugen_inst/board_reg[111] cannot be properly analyzed as its control pin sudokugen_inst/board_reg[111]/G is not reached by a timing clock
Related violations: <none>

TIMING-20#23 Warning
Non-clocked latch  
The latch sudokugen_inst/board_reg[112] cannot be properly analyzed as its control pin sudokugen_inst/board_reg[112]/G is not reached by a timing clock
Related violations: <none>

TIMING-20#24 Warning
Non-clocked latch  
The latch sudokugen_inst/board_reg[113] cannot be properly analyzed as its control pin sudokugen_inst/board_reg[113]/G is not reached by a timing clock
Related violations: <none>

TIMING-20#25 Warning
Non-clocked latch  
The latch sudokugen_inst/board_reg[114] cannot be properly analyzed as its control pin sudokugen_inst/board_reg[114]/G is not reached by a timing clock
Related violations: <none>

TIMING-20#26 Warning
Non-clocked latch  
The latch sudokugen_inst/board_reg[115] cannot be properly analyzed as its control pin sudokugen_inst/board_reg[115]/G is not reached by a timing clock
Related violations: <none>

TIMING-20#27 Warning
Non-clocked latch  
The latch sudokugen_inst/board_reg[116] cannot be properly analyzed as its control pin sudokugen_inst/board_reg[116]/G is not reached by a timing clock
Related violations: <none>

TIMING-20#28 Warning
Non-clocked latch  
The latch sudokugen_inst/board_reg[117] cannot be properly analyzed as its control pin sudokugen_inst/board_reg[117]/G is not reached by a timing clock
Related violations: <none>

TIMING-20#29 Warning
Non-clocked latch  
The latch sudokugen_inst/board_reg[118] cannot be properly analyzed as its control pin sudokugen_inst/board_reg[118]/G is not reached by a timing clock
Related violations: <none>

TIMING-20#30 Warning
Non-clocked latch  
The latch sudokugen_inst/board_reg[119] cannot be properly analyzed as its control pin sudokugen_inst/board_reg[119]/G is not reached by a timing clock
Related violations: <none>

TIMING-20#31 Warning
Non-clocked latch  
The latch sudokugen_inst/board_reg[11] cannot be properly analyzed as its control pin sudokugen_inst/board_reg[11]/G is not reached by a timing clock
Related violations: <none>

TIMING-20#32 Warning
Non-clocked latch  
The latch sudokugen_inst/board_reg[120] cannot be properly analyzed as its control pin sudokugen_inst/board_reg[120]/G is not reached by a timing clock
Related violations: <none>

TIMING-20#33 Warning
Non-clocked latch  
The latch sudokugen_inst/board_reg[121] cannot be properly analyzed as its control pin sudokugen_inst/board_reg[121]/G is not reached by a timing clock
Related violations: <none>

TIMING-20#34 Warning
Non-clocked latch  
The latch sudokugen_inst/board_reg[122] cannot be properly analyzed as its control pin sudokugen_inst/board_reg[122]/G is not reached by a timing clock
Related violations: <none>

TIMING-20#35 Warning
Non-clocked latch  
The latch sudokugen_inst/board_reg[123] cannot be properly analyzed as its control pin sudokugen_inst/board_reg[123]/G is not reached by a timing clock
Related violations: <none>

TIMING-20#36 Warning
Non-clocked latch  
The latch sudokugen_inst/board_reg[124] cannot be properly analyzed as its control pin sudokugen_inst/board_reg[124]/G is not reached by a timing clock
Related violations: <none>

TIMING-20#37 Warning
Non-clocked latch  
The latch sudokugen_inst/board_reg[125] cannot be properly analyzed as its control pin sudokugen_inst/board_reg[125]/G is not reached by a timing clock
Related violations: <none>

TIMING-20#38 Warning
Non-clocked latch  
The latch sudokugen_inst/board_reg[126] cannot be properly analyzed as its control pin sudokugen_inst/board_reg[126]/G is not reached by a timing clock
Related violations: <none>

TIMING-20#39 Warning
Non-clocked latch  
The latch sudokugen_inst/board_reg[127] cannot be properly analyzed as its control pin sudokugen_inst/board_reg[127]/G is not reached by a timing clock
Related violations: <none>

TIMING-20#40 Warning
Non-clocked latch  
The latch sudokugen_inst/board_reg[128] cannot be properly analyzed as its control pin sudokugen_inst/board_reg[128]/G is not reached by a timing clock
Related violations: <none>

TIMING-20#41 Warning
Non-clocked latch  
The latch sudokugen_inst/board_reg[129] cannot be properly analyzed as its control pin sudokugen_inst/board_reg[129]/G is not reached by a timing clock
Related violations: <none>

TIMING-20#42 Warning
Non-clocked latch  
The latch sudokugen_inst/board_reg[12] cannot be properly analyzed as its control pin sudokugen_inst/board_reg[12]/G is not reached by a timing clock
Related violations: <none>

TIMING-20#43 Warning
Non-clocked latch  
The latch sudokugen_inst/board_reg[130] cannot be properly analyzed as its control pin sudokugen_inst/board_reg[130]/G is not reached by a timing clock
Related violations: <none>

TIMING-20#44 Warning
Non-clocked latch  
The latch sudokugen_inst/board_reg[131] cannot be properly analyzed as its control pin sudokugen_inst/board_reg[131]/G is not reached by a timing clock
Related violations: <none>

TIMING-20#45 Warning
Non-clocked latch  
The latch sudokugen_inst/board_reg[132] cannot be properly analyzed as its control pin sudokugen_inst/board_reg[132]/G is not reached by a timing clock
Related violations: <none>

TIMING-20#46 Warning
Non-clocked latch  
The latch sudokugen_inst/board_reg[133] cannot be properly analyzed as its control pin sudokugen_inst/board_reg[133]/G is not reached by a timing clock
Related violations: <none>

TIMING-20#47 Warning
Non-clocked latch  
The latch sudokugen_inst/board_reg[134] cannot be properly analyzed as its control pin sudokugen_inst/board_reg[134]/G is not reached by a timing clock
Related violations: <none>

TIMING-20#48 Warning
Non-clocked latch  
The latch sudokugen_inst/board_reg[135] cannot be properly analyzed as its control pin sudokugen_inst/board_reg[135]/G is not reached by a timing clock
Related violations: <none>

TIMING-20#49 Warning
Non-clocked latch  
The latch sudokugen_inst/board_reg[136] cannot be properly analyzed as its control pin sudokugen_inst/board_reg[136]/G is not reached by a timing clock
Related violations: <none>

TIMING-20#50 Warning
Non-clocked latch  
The latch sudokugen_inst/board_reg[137] cannot be properly analyzed as its control pin sudokugen_inst/board_reg[137]/G is not reached by a timing clock
Related violations: <none>

TIMING-20#51 Warning
Non-clocked latch  
The latch sudokugen_inst/board_reg[138] cannot be properly analyzed as its control pin sudokugen_inst/board_reg[138]/G is not reached by a timing clock
Related violations: <none>

TIMING-20#52 Warning
Non-clocked latch  
The latch sudokugen_inst/board_reg[139] cannot be properly analyzed as its control pin sudokugen_inst/board_reg[139]/G is not reached by a timing clock
Related violations: <none>

TIMING-20#53 Warning
Non-clocked latch  
The latch sudokugen_inst/board_reg[13] cannot be properly analyzed as its control pin sudokugen_inst/board_reg[13]/G is not reached by a timing clock
Related violations: <none>

TIMING-20#54 Warning
Non-clocked latch  
The latch sudokugen_inst/board_reg[140] cannot be properly analyzed as its control pin sudokugen_inst/board_reg[140]/G is not reached by a timing clock
Related violations: <none>

TIMING-20#55 Warning
Non-clocked latch  
The latch sudokugen_inst/board_reg[141] cannot be properly analyzed as its control pin sudokugen_inst/board_reg[141]/G is not reached by a timing clock
Related violations: <none>

TIMING-20#56 Warning
Non-clocked latch  
The latch sudokugen_inst/board_reg[142] cannot be properly analyzed as its control pin sudokugen_inst/board_reg[142]/G is not reached by a timing clock
Related violations: <none>

TIMING-20#57 Warning
Non-clocked latch  
The latch sudokugen_inst/board_reg[143] cannot be properly analyzed as its control pin sudokugen_inst/board_reg[143]/G is not reached by a timing clock
Related violations: <none>

TIMING-20#58 Warning
Non-clocked latch  
The latch sudokugen_inst/board_reg[144] cannot be properly analyzed as its control pin sudokugen_inst/board_reg[144]/G is not reached by a timing clock
Related violations: <none>

TIMING-20#59 Warning
Non-clocked latch  
The latch sudokugen_inst/board_reg[145] cannot be properly analyzed as its control pin sudokugen_inst/board_reg[145]/G is not reached by a timing clock
Related violations: <none>

TIMING-20#60 Warning
Non-clocked latch  
The latch sudokugen_inst/board_reg[146] cannot be properly analyzed as its control pin sudokugen_inst/board_reg[146]/G is not reached by a timing clock
Related violations: <none>

TIMING-20#61 Warning
Non-clocked latch  
The latch sudokugen_inst/board_reg[147] cannot be properly analyzed as its control pin sudokugen_inst/board_reg[147]/G is not reached by a timing clock
Related violations: <none>

TIMING-20#62 Warning
Non-clocked latch  
The latch sudokugen_inst/board_reg[148] cannot be properly analyzed as its control pin sudokugen_inst/board_reg[148]/G is not reached by a timing clock
Related violations: <none>

TIMING-20#63 Warning
Non-clocked latch  
The latch sudokugen_inst/board_reg[149] cannot be properly analyzed as its control pin sudokugen_inst/board_reg[149]/G is not reached by a timing clock
Related violations: <none>

TIMING-20#64 Warning
Non-clocked latch  
The latch sudokugen_inst/board_reg[14] cannot be properly analyzed as its control pin sudokugen_inst/board_reg[14]/G is not reached by a timing clock
Related violations: <none>

TIMING-20#65 Warning
Non-clocked latch  
The latch sudokugen_inst/board_reg[150] cannot be properly analyzed as its control pin sudokugen_inst/board_reg[150]/G is not reached by a timing clock
Related violations: <none>

TIMING-20#66 Warning
Non-clocked latch  
The latch sudokugen_inst/board_reg[151] cannot be properly analyzed as its control pin sudokugen_inst/board_reg[151]/G is not reached by a timing clock
Related violations: <none>

TIMING-20#67 Warning
Non-clocked latch  
The latch sudokugen_inst/board_reg[152] cannot be properly analyzed as its control pin sudokugen_inst/board_reg[152]/G is not reached by a timing clock
Related violations: <none>

TIMING-20#68 Warning
Non-clocked latch  
The latch sudokugen_inst/board_reg[153] cannot be properly analyzed as its control pin sudokugen_inst/board_reg[153]/G is not reached by a timing clock
Related violations: <none>

TIMING-20#69 Warning
Non-clocked latch  
The latch sudokugen_inst/board_reg[154] cannot be properly analyzed as its control pin sudokugen_inst/board_reg[154]/G is not reached by a timing clock
Related violations: <none>

TIMING-20#70 Warning
Non-clocked latch  
The latch sudokugen_inst/board_reg[155] cannot be properly analyzed as its control pin sudokugen_inst/board_reg[155]/G is not reached by a timing clock
Related violations: <none>

TIMING-20#71 Warning
Non-clocked latch  
The latch sudokugen_inst/board_reg[156] cannot be properly analyzed as its control pin sudokugen_inst/board_reg[156]/G is not reached by a timing clock
Related violations: <none>

TIMING-20#72 Warning
Non-clocked latch  
The latch sudokugen_inst/board_reg[157] cannot be properly analyzed as its control pin sudokugen_inst/board_reg[157]/G is not reached by a timing clock
Related violations: <none>

TIMING-20#73 Warning
Non-clocked latch  
The latch sudokugen_inst/board_reg[158] cannot be properly analyzed as its control pin sudokugen_inst/board_reg[158]/G is not reached by a timing clock
Related violations: <none>

TIMING-20#74 Warning
Non-clocked latch  
The latch sudokugen_inst/board_reg[159] cannot be properly analyzed as its control pin sudokugen_inst/board_reg[159]/G is not reached by a timing clock
Related violations: <none>

TIMING-20#75 Warning
Non-clocked latch  
The latch sudokugen_inst/board_reg[15] cannot be properly analyzed as its control pin sudokugen_inst/board_reg[15]/G is not reached by a timing clock
Related violations: <none>

TIMING-20#76 Warning
Non-clocked latch  
The latch sudokugen_inst/board_reg[160] cannot be properly analyzed as its control pin sudokugen_inst/board_reg[160]/G is not reached by a timing clock
Related violations: <none>

TIMING-20#77 Warning
Non-clocked latch  
The latch sudokugen_inst/board_reg[161] cannot be properly analyzed as its control pin sudokugen_inst/board_reg[161]/G is not reached by a timing clock
Related violations: <none>

TIMING-20#78 Warning
Non-clocked latch  
The latch sudokugen_inst/board_reg[162] cannot be properly analyzed as its control pin sudokugen_inst/board_reg[162]/G is not reached by a timing clock
Related violations: <none>

TIMING-20#79 Warning
Non-clocked latch  
The latch sudokugen_inst/board_reg[163] cannot be properly analyzed as its control pin sudokugen_inst/board_reg[163]/G is not reached by a timing clock
Related violations: <none>

TIMING-20#80 Warning
Non-clocked latch  
The latch sudokugen_inst/board_reg[164] cannot be properly analyzed as its control pin sudokugen_inst/board_reg[164]/G is not reached by a timing clock
Related violations: <none>

TIMING-20#81 Warning
Non-clocked latch  
The latch sudokugen_inst/board_reg[165] cannot be properly analyzed as its control pin sudokugen_inst/board_reg[165]/G is not reached by a timing clock
Related violations: <none>

TIMING-20#82 Warning
Non-clocked latch  
The latch sudokugen_inst/board_reg[166] cannot be properly analyzed as its control pin sudokugen_inst/board_reg[166]/G is not reached by a timing clock
Related violations: <none>

TIMING-20#83 Warning
Non-clocked latch  
The latch sudokugen_inst/board_reg[167] cannot be properly analyzed as its control pin sudokugen_inst/board_reg[167]/G is not reached by a timing clock
Related violations: <none>

TIMING-20#84 Warning
Non-clocked latch  
The latch sudokugen_inst/board_reg[168] cannot be properly analyzed as its control pin sudokugen_inst/board_reg[168]/G is not reached by a timing clock
Related violations: <none>

TIMING-20#85 Warning
Non-clocked latch  
The latch sudokugen_inst/board_reg[169] cannot be properly analyzed as its control pin sudokugen_inst/board_reg[169]/G is not reached by a timing clock
Related violations: <none>

TIMING-20#86 Warning
Non-clocked latch  
The latch sudokugen_inst/board_reg[16] cannot be properly analyzed as its control pin sudokugen_inst/board_reg[16]/G is not reached by a timing clock
Related violations: <none>

TIMING-20#87 Warning
Non-clocked latch  
The latch sudokugen_inst/board_reg[170] cannot be properly analyzed as its control pin sudokugen_inst/board_reg[170]/G is not reached by a timing clock
Related violations: <none>

TIMING-20#88 Warning
Non-clocked latch  
The latch sudokugen_inst/board_reg[171] cannot be properly analyzed as its control pin sudokugen_inst/board_reg[171]/G is not reached by a timing clock
Related violations: <none>

TIMING-20#89 Warning
Non-clocked latch  
The latch sudokugen_inst/board_reg[172] cannot be properly analyzed as its control pin sudokugen_inst/board_reg[172]/G is not reached by a timing clock
Related violations: <none>

TIMING-20#90 Warning
Non-clocked latch  
The latch sudokugen_inst/board_reg[173] cannot be properly analyzed as its control pin sudokugen_inst/board_reg[173]/G is not reached by a timing clock
Related violations: <none>

TIMING-20#91 Warning
Non-clocked latch  
The latch sudokugen_inst/board_reg[174] cannot be properly analyzed as its control pin sudokugen_inst/board_reg[174]/G is not reached by a timing clock
Related violations: <none>

TIMING-20#92 Warning
Non-clocked latch  
The latch sudokugen_inst/board_reg[175] cannot be properly analyzed as its control pin sudokugen_inst/board_reg[175]/G is not reached by a timing clock
Related violations: <none>

TIMING-20#93 Warning
Non-clocked latch  
The latch sudokugen_inst/board_reg[176] cannot be properly analyzed as its control pin sudokugen_inst/board_reg[176]/G is not reached by a timing clock
Related violations: <none>

TIMING-20#94 Warning
Non-clocked latch  
The latch sudokugen_inst/board_reg[177] cannot be properly analyzed as its control pin sudokugen_inst/board_reg[177]/G is not reached by a timing clock
Related violations: <none>

TIMING-20#95 Warning
Non-clocked latch  
The latch sudokugen_inst/board_reg[178] cannot be properly analyzed as its control pin sudokugen_inst/board_reg[178]/G is not reached by a timing clock
Related violations: <none>

TIMING-20#96 Warning
Non-clocked latch  
The latch sudokugen_inst/board_reg[179] cannot be properly analyzed as its control pin sudokugen_inst/board_reg[179]/G is not reached by a timing clock
Related violations: <none>

TIMING-20#97 Warning
Non-clocked latch  
The latch sudokugen_inst/board_reg[17] cannot be properly analyzed as its control pin sudokugen_inst/board_reg[17]/G is not reached by a timing clock
Related violations: <none>

TIMING-20#98 Warning
Non-clocked latch  
The latch sudokugen_inst/board_reg[180] cannot be properly analyzed as its control pin sudokugen_inst/board_reg[180]/G is not reached by a timing clock
Related violations: <none>

TIMING-20#99 Warning
Non-clocked latch  
The latch sudokugen_inst/board_reg[181] cannot be properly analyzed as its control pin sudokugen_inst/board_reg[181]/G is not reached by a timing clock
Related violations: <none>

TIMING-20#100 Warning
Non-clocked latch  
The latch sudokugen_inst/board_reg[182] cannot be properly analyzed as its control pin sudokugen_inst/board_reg[182]/G is not reached by a timing clock
Related violations: <none>

TIMING-20#101 Warning
Non-clocked latch  
The latch sudokugen_inst/board_reg[183] cannot be properly analyzed as its control pin sudokugen_inst/board_reg[183]/G is not reached by a timing clock
Related violations: <none>

TIMING-20#102 Warning
Non-clocked latch  
The latch sudokugen_inst/board_reg[184] cannot be properly analyzed as its control pin sudokugen_inst/board_reg[184]/G is not reached by a timing clock
Related violations: <none>

TIMING-20#103 Warning
Non-clocked latch  
The latch sudokugen_inst/board_reg[185] cannot be properly analyzed as its control pin sudokugen_inst/board_reg[185]/G is not reached by a timing clock
Related violations: <none>

TIMING-20#104 Warning
Non-clocked latch  
The latch sudokugen_inst/board_reg[186] cannot be properly analyzed as its control pin sudokugen_inst/board_reg[186]/G is not reached by a timing clock
Related violations: <none>

TIMING-20#105 Warning
Non-clocked latch  
The latch sudokugen_inst/board_reg[187] cannot be properly analyzed as its control pin sudokugen_inst/board_reg[187]/G is not reached by a timing clock
Related violations: <none>

TIMING-20#106 Warning
Non-clocked latch  
The latch sudokugen_inst/board_reg[188] cannot be properly analyzed as its control pin sudokugen_inst/board_reg[188]/G is not reached by a timing clock
Related violations: <none>

TIMING-20#107 Warning
Non-clocked latch  
The latch sudokugen_inst/board_reg[189] cannot be properly analyzed as its control pin sudokugen_inst/board_reg[189]/G is not reached by a timing clock
Related violations: <none>

TIMING-20#108 Warning
Non-clocked latch  
The latch sudokugen_inst/board_reg[18] cannot be properly analyzed as its control pin sudokugen_inst/board_reg[18]/G is not reached by a timing clock
Related violations: <none>

TIMING-20#109 Warning
Non-clocked latch  
The latch sudokugen_inst/board_reg[190] cannot be properly analyzed as its control pin sudokugen_inst/board_reg[190]/G is not reached by a timing clock
Related violations: <none>

TIMING-20#110 Warning
Non-clocked latch  
The latch sudokugen_inst/board_reg[191] cannot be properly analyzed as its control pin sudokugen_inst/board_reg[191]/G is not reached by a timing clock
Related violations: <none>

TIMING-20#111 Warning
Non-clocked latch  
The latch sudokugen_inst/board_reg[192] cannot be properly analyzed as its control pin sudokugen_inst/board_reg[192]/G is not reached by a timing clock
Related violations: <none>

TIMING-20#112 Warning
Non-clocked latch  
The latch sudokugen_inst/board_reg[193] cannot be properly analyzed as its control pin sudokugen_inst/board_reg[193]/G is not reached by a timing clock
Related violations: <none>

TIMING-20#113 Warning
Non-clocked latch  
The latch sudokugen_inst/board_reg[194] cannot be properly analyzed as its control pin sudokugen_inst/board_reg[194]/G is not reached by a timing clock
Related violations: <none>

TIMING-20#114 Warning
Non-clocked latch  
The latch sudokugen_inst/board_reg[195] cannot be properly analyzed as its control pin sudokugen_inst/board_reg[195]/G is not reached by a timing clock
Related violations: <none>

TIMING-20#115 Warning
Non-clocked latch  
The latch sudokugen_inst/board_reg[196] cannot be properly analyzed as its control pin sudokugen_inst/board_reg[196]/G is not reached by a timing clock
Related violations: <none>

TIMING-20#116 Warning
Non-clocked latch  
The latch sudokugen_inst/board_reg[197] cannot be properly analyzed as its control pin sudokugen_inst/board_reg[197]/G is not reached by a timing clock
Related violations: <none>

TIMING-20#117 Warning
Non-clocked latch  
The latch sudokugen_inst/board_reg[198] cannot be properly analyzed as its control pin sudokugen_inst/board_reg[198]/G is not reached by a timing clock
Related violations: <none>

TIMING-20#118 Warning
Non-clocked latch  
The latch sudokugen_inst/board_reg[199] cannot be properly analyzed as its control pin sudokugen_inst/board_reg[199]/G is not reached by a timing clock
Related violations: <none>

TIMING-20#119 Warning
Non-clocked latch  
The latch sudokugen_inst/board_reg[19] cannot be properly analyzed as its control pin sudokugen_inst/board_reg[19]/G is not reached by a timing clock
Related violations: <none>

TIMING-20#120 Warning
Non-clocked latch  
The latch sudokugen_inst/board_reg[1] cannot be properly analyzed as its control pin sudokugen_inst/board_reg[1]/G is not reached by a timing clock
Related violations: <none>

TIMING-20#121 Warning
Non-clocked latch  
The latch sudokugen_inst/board_reg[200] cannot be properly analyzed as its control pin sudokugen_inst/board_reg[200]/G is not reached by a timing clock
Related violations: <none>

TIMING-20#122 Warning
Non-clocked latch  
The latch sudokugen_inst/board_reg[201] cannot be properly analyzed as its control pin sudokugen_inst/board_reg[201]/G is not reached by a timing clock
Related violations: <none>

TIMING-20#123 Warning
Non-clocked latch  
The latch sudokugen_inst/board_reg[202] cannot be properly analyzed as its control pin sudokugen_inst/board_reg[202]/G is not reached by a timing clock
Related violations: <none>

TIMING-20#124 Warning
Non-clocked latch  
The latch sudokugen_inst/board_reg[203] cannot be properly analyzed as its control pin sudokugen_inst/board_reg[203]/G is not reached by a timing clock
Related violations: <none>

TIMING-20#125 Warning
Non-clocked latch  
The latch sudokugen_inst/board_reg[204] cannot be properly analyzed as its control pin sudokugen_inst/board_reg[204]/G is not reached by a timing clock
Related violations: <none>

TIMING-20#126 Warning
Non-clocked latch  
The latch sudokugen_inst/board_reg[205] cannot be properly analyzed as its control pin sudokugen_inst/board_reg[205]/G is not reached by a timing clock
Related violations: <none>

TIMING-20#127 Warning
Non-clocked latch  
The latch sudokugen_inst/board_reg[206] cannot be properly analyzed as its control pin sudokugen_inst/board_reg[206]/G is not reached by a timing clock
Related violations: <none>

TIMING-20#128 Warning
Non-clocked latch  
The latch sudokugen_inst/board_reg[207] cannot be properly analyzed as its control pin sudokugen_inst/board_reg[207]/G is not reached by a timing clock
Related violations: <none>

TIMING-20#129 Warning
Non-clocked latch  
The latch sudokugen_inst/board_reg[208] cannot be properly analyzed as its control pin sudokugen_inst/board_reg[208]/G is not reached by a timing clock
Related violations: <none>

TIMING-20#130 Warning
Non-clocked latch  
The latch sudokugen_inst/board_reg[209] cannot be properly analyzed as its control pin sudokugen_inst/board_reg[209]/G is not reached by a timing clock
Related violations: <none>

TIMING-20#131 Warning
Non-clocked latch  
The latch sudokugen_inst/board_reg[20] cannot be properly analyzed as its control pin sudokugen_inst/board_reg[20]/G is not reached by a timing clock
Related violations: <none>

TIMING-20#132 Warning
Non-clocked latch  
The latch sudokugen_inst/board_reg[210] cannot be properly analyzed as its control pin sudokugen_inst/board_reg[210]/G is not reached by a timing clock
Related violations: <none>

TIMING-20#133 Warning
Non-clocked latch  
The latch sudokugen_inst/board_reg[211] cannot be properly analyzed as its control pin sudokugen_inst/board_reg[211]/G is not reached by a timing clock
Related violations: <none>

TIMING-20#134 Warning
Non-clocked latch  
The latch sudokugen_inst/board_reg[212] cannot be properly analyzed as its control pin sudokugen_inst/board_reg[212]/G is not reached by a timing clock
Related violations: <none>

TIMING-20#135 Warning
Non-clocked latch  
The latch sudokugen_inst/board_reg[213] cannot be properly analyzed as its control pin sudokugen_inst/board_reg[213]/G is not reached by a timing clock
Related violations: <none>

TIMING-20#136 Warning
Non-clocked latch  
The latch sudokugen_inst/board_reg[214] cannot be properly analyzed as its control pin sudokugen_inst/board_reg[214]/G is not reached by a timing clock
Related violations: <none>

TIMING-20#137 Warning
Non-clocked latch  
The latch sudokugen_inst/board_reg[215] cannot be properly analyzed as its control pin sudokugen_inst/board_reg[215]/G is not reached by a timing clock
Related violations: <none>

TIMING-20#138 Warning
Non-clocked latch  
The latch sudokugen_inst/board_reg[216] cannot be properly analyzed as its control pin sudokugen_inst/board_reg[216]/G is not reached by a timing clock
Related violations: <none>

TIMING-20#139 Warning
Non-clocked latch  
The latch sudokugen_inst/board_reg[217] cannot be properly analyzed as its control pin sudokugen_inst/board_reg[217]/G is not reached by a timing clock
Related violations: <none>

TIMING-20#140 Warning
Non-clocked latch  
The latch sudokugen_inst/board_reg[218] cannot be properly analyzed as its control pin sudokugen_inst/board_reg[218]/G is not reached by a timing clock
Related violations: <none>

TIMING-20#141 Warning
Non-clocked latch  
The latch sudokugen_inst/board_reg[219] cannot be properly analyzed as its control pin sudokugen_inst/board_reg[219]/G is not reached by a timing clock
Related violations: <none>

TIMING-20#142 Warning
Non-clocked latch  
The latch sudokugen_inst/board_reg[21] cannot be properly analyzed as its control pin sudokugen_inst/board_reg[21]/G is not reached by a timing clock
Related violations: <none>

TIMING-20#143 Warning
Non-clocked latch  
The latch sudokugen_inst/board_reg[220] cannot be properly analyzed as its control pin sudokugen_inst/board_reg[220]/G is not reached by a timing clock
Related violations: <none>

TIMING-20#144 Warning
Non-clocked latch  
The latch sudokugen_inst/board_reg[221] cannot be properly analyzed as its control pin sudokugen_inst/board_reg[221]/G is not reached by a timing clock
Related violations: <none>

TIMING-20#145 Warning
Non-clocked latch  
The latch sudokugen_inst/board_reg[222] cannot be properly analyzed as its control pin sudokugen_inst/board_reg[222]/G is not reached by a timing clock
Related violations: <none>

TIMING-20#146 Warning
Non-clocked latch  
The latch sudokugen_inst/board_reg[223] cannot be properly analyzed as its control pin sudokugen_inst/board_reg[223]/G is not reached by a timing clock
Related violations: <none>

TIMING-20#147 Warning
Non-clocked latch  
The latch sudokugen_inst/board_reg[224] cannot be properly analyzed as its control pin sudokugen_inst/board_reg[224]/G is not reached by a timing clock
Related violations: <none>

TIMING-20#148 Warning
Non-clocked latch  
The latch sudokugen_inst/board_reg[225] cannot be properly analyzed as its control pin sudokugen_inst/board_reg[225]/G is not reached by a timing clock
Related violations: <none>

TIMING-20#149 Warning
Non-clocked latch  
The latch sudokugen_inst/board_reg[226] cannot be properly analyzed as its control pin sudokugen_inst/board_reg[226]/G is not reached by a timing clock
Related violations: <none>

TIMING-20#150 Warning
Non-clocked latch  
The latch sudokugen_inst/board_reg[227] cannot be properly analyzed as its control pin sudokugen_inst/board_reg[227]/G is not reached by a timing clock
Related violations: <none>

TIMING-20#151 Warning
Non-clocked latch  
The latch sudokugen_inst/board_reg[228] cannot be properly analyzed as its control pin sudokugen_inst/board_reg[228]/G is not reached by a timing clock
Related violations: <none>

TIMING-20#152 Warning
Non-clocked latch  
The latch sudokugen_inst/board_reg[229] cannot be properly analyzed as its control pin sudokugen_inst/board_reg[229]/G is not reached by a timing clock
Related violations: <none>

TIMING-20#153 Warning
Non-clocked latch  
The latch sudokugen_inst/board_reg[22] cannot be properly analyzed as its control pin sudokugen_inst/board_reg[22]/G is not reached by a timing clock
Related violations: <none>

TIMING-20#154 Warning
Non-clocked latch  
The latch sudokugen_inst/board_reg[230] cannot be properly analyzed as its control pin sudokugen_inst/board_reg[230]/G is not reached by a timing clock
Related violations: <none>

TIMING-20#155 Warning
Non-clocked latch  
The latch sudokugen_inst/board_reg[231] cannot be properly analyzed as its control pin sudokugen_inst/board_reg[231]/G is not reached by a timing clock
Related violations: <none>

TIMING-20#156 Warning
Non-clocked latch  
The latch sudokugen_inst/board_reg[232] cannot be properly analyzed as its control pin sudokugen_inst/board_reg[232]/G is not reached by a timing clock
Related violations: <none>

TIMING-20#157 Warning
Non-clocked latch  
The latch sudokugen_inst/board_reg[233] cannot be properly analyzed as its control pin sudokugen_inst/board_reg[233]/G is not reached by a timing clock
Related violations: <none>

TIMING-20#158 Warning
Non-clocked latch  
The latch sudokugen_inst/board_reg[234] cannot be properly analyzed as its control pin sudokugen_inst/board_reg[234]/G is not reached by a timing clock
Related violations: <none>

TIMING-20#159 Warning
Non-clocked latch  
The latch sudokugen_inst/board_reg[235] cannot be properly analyzed as its control pin sudokugen_inst/board_reg[235]/G is not reached by a timing clock
Related violations: <none>

TIMING-20#160 Warning
Non-clocked latch  
The latch sudokugen_inst/board_reg[236] cannot be properly analyzed as its control pin sudokugen_inst/board_reg[236]/G is not reached by a timing clock
Related violations: <none>

TIMING-20#161 Warning
Non-clocked latch  
The latch sudokugen_inst/board_reg[237] cannot be properly analyzed as its control pin sudokugen_inst/board_reg[237]/G is not reached by a timing clock
Related violations: <none>

TIMING-20#162 Warning
Non-clocked latch  
The latch sudokugen_inst/board_reg[238] cannot be properly analyzed as its control pin sudokugen_inst/board_reg[238]/G is not reached by a timing clock
Related violations: <none>

TIMING-20#163 Warning
Non-clocked latch  
The latch sudokugen_inst/board_reg[239] cannot be properly analyzed as its control pin sudokugen_inst/board_reg[239]/G is not reached by a timing clock
Related violations: <none>

TIMING-20#164 Warning
Non-clocked latch  
The latch sudokugen_inst/board_reg[23] cannot be properly analyzed as its control pin sudokugen_inst/board_reg[23]/G is not reached by a timing clock
Related violations: <none>

TIMING-20#165 Warning
Non-clocked latch  
The latch sudokugen_inst/board_reg[240] cannot be properly analyzed as its control pin sudokugen_inst/board_reg[240]/G is not reached by a timing clock
Related violations: <none>

TIMING-20#166 Warning
Non-clocked latch  
The latch sudokugen_inst/board_reg[241] cannot be properly analyzed as its control pin sudokugen_inst/board_reg[241]/G is not reached by a timing clock
Related violations: <none>

TIMING-20#167 Warning
Non-clocked latch  
The latch sudokugen_inst/board_reg[242] cannot be properly analyzed as its control pin sudokugen_inst/board_reg[242]/G is not reached by a timing clock
Related violations: <none>

TIMING-20#168 Warning
Non-clocked latch  
The latch sudokugen_inst/board_reg[243] cannot be properly analyzed as its control pin sudokugen_inst/board_reg[243]/G is not reached by a timing clock
Related violations: <none>

TIMING-20#169 Warning
Non-clocked latch  
The latch sudokugen_inst/board_reg[244] cannot be properly analyzed as its control pin sudokugen_inst/board_reg[244]/G is not reached by a timing clock
Related violations: <none>

TIMING-20#170 Warning
Non-clocked latch  
The latch sudokugen_inst/board_reg[245] cannot be properly analyzed as its control pin sudokugen_inst/board_reg[245]/G is not reached by a timing clock
Related violations: <none>

TIMING-20#171 Warning
Non-clocked latch  
The latch sudokugen_inst/board_reg[246] cannot be properly analyzed as its control pin sudokugen_inst/board_reg[246]/G is not reached by a timing clock
Related violations: <none>

TIMING-20#172 Warning
Non-clocked latch  
The latch sudokugen_inst/board_reg[247] cannot be properly analyzed as its control pin sudokugen_inst/board_reg[247]/G is not reached by a timing clock
Related violations: <none>

TIMING-20#173 Warning
Non-clocked latch  
The latch sudokugen_inst/board_reg[248] cannot be properly analyzed as its control pin sudokugen_inst/board_reg[248]/G is not reached by a timing clock
Related violations: <none>

TIMING-20#174 Warning
Non-clocked latch  
The latch sudokugen_inst/board_reg[249] cannot be properly analyzed as its control pin sudokugen_inst/board_reg[249]/G is not reached by a timing clock
Related violations: <none>

TIMING-20#175 Warning
Non-clocked latch  
The latch sudokugen_inst/board_reg[24] cannot be properly analyzed as its control pin sudokugen_inst/board_reg[24]/G is not reached by a timing clock
Related violations: <none>

TIMING-20#176 Warning
Non-clocked latch  
The latch sudokugen_inst/board_reg[250] cannot be properly analyzed as its control pin sudokugen_inst/board_reg[250]/G is not reached by a timing clock
Related violations: <none>

TIMING-20#177 Warning
Non-clocked latch  
The latch sudokugen_inst/board_reg[251] cannot be properly analyzed as its control pin sudokugen_inst/board_reg[251]/G is not reached by a timing clock
Related violations: <none>

TIMING-20#178 Warning
Non-clocked latch  
The latch sudokugen_inst/board_reg[252] cannot be properly analyzed as its control pin sudokugen_inst/board_reg[252]/G is not reached by a timing clock
Related violations: <none>

TIMING-20#179 Warning
Non-clocked latch  
The latch sudokugen_inst/board_reg[253] cannot be properly analyzed as its control pin sudokugen_inst/board_reg[253]/G is not reached by a timing clock
Related violations: <none>

TIMING-20#180 Warning
Non-clocked latch  
The latch sudokugen_inst/board_reg[254] cannot be properly analyzed as its control pin sudokugen_inst/board_reg[254]/G is not reached by a timing clock
Related violations: <none>

TIMING-20#181 Warning
Non-clocked latch  
The latch sudokugen_inst/board_reg[255] cannot be properly analyzed as its control pin sudokugen_inst/board_reg[255]/G is not reached by a timing clock
Related violations: <none>

TIMING-20#182 Warning
Non-clocked latch  
The latch sudokugen_inst/board_reg[256] cannot be properly analyzed as its control pin sudokugen_inst/board_reg[256]/G is not reached by a timing clock
Related violations: <none>

TIMING-20#183 Warning
Non-clocked latch  
The latch sudokugen_inst/board_reg[257] cannot be properly analyzed as its control pin sudokugen_inst/board_reg[257]/G is not reached by a timing clock
Related violations: <none>

TIMING-20#184 Warning
Non-clocked latch  
The latch sudokugen_inst/board_reg[258] cannot be properly analyzed as its control pin sudokugen_inst/board_reg[258]/G is not reached by a timing clock
Related violations: <none>

TIMING-20#185 Warning
Non-clocked latch  
The latch sudokugen_inst/board_reg[259] cannot be properly analyzed as its control pin sudokugen_inst/board_reg[259]/G is not reached by a timing clock
Related violations: <none>

TIMING-20#186 Warning
Non-clocked latch  
The latch sudokugen_inst/board_reg[25] cannot be properly analyzed as its control pin sudokugen_inst/board_reg[25]/G is not reached by a timing clock
Related violations: <none>

TIMING-20#187 Warning
Non-clocked latch  
The latch sudokugen_inst/board_reg[260] cannot be properly analyzed as its control pin sudokugen_inst/board_reg[260]/G is not reached by a timing clock
Related violations: <none>

TIMING-20#188 Warning
Non-clocked latch  
The latch sudokugen_inst/board_reg[261] cannot be properly analyzed as its control pin sudokugen_inst/board_reg[261]/G is not reached by a timing clock
Related violations: <none>

TIMING-20#189 Warning
Non-clocked latch  
The latch sudokugen_inst/board_reg[262] cannot be properly analyzed as its control pin sudokugen_inst/board_reg[262]/G is not reached by a timing clock
Related violations: <none>

TIMING-20#190 Warning
Non-clocked latch  
The latch sudokugen_inst/board_reg[263] cannot be properly analyzed as its control pin sudokugen_inst/board_reg[263]/G is not reached by a timing clock
Related violations: <none>

TIMING-20#191 Warning
Non-clocked latch  
The latch sudokugen_inst/board_reg[264] cannot be properly analyzed as its control pin sudokugen_inst/board_reg[264]/G is not reached by a timing clock
Related violations: <none>

TIMING-20#192 Warning
Non-clocked latch  
The latch sudokugen_inst/board_reg[265] cannot be properly analyzed as its control pin sudokugen_inst/board_reg[265]/G is not reached by a timing clock
Related violations: <none>

TIMING-20#193 Warning
Non-clocked latch  
The latch sudokugen_inst/board_reg[266] cannot be properly analyzed as its control pin sudokugen_inst/board_reg[266]/G is not reached by a timing clock
Related violations: <none>

TIMING-20#194 Warning
Non-clocked latch  
The latch sudokugen_inst/board_reg[267] cannot be properly analyzed as its control pin sudokugen_inst/board_reg[267]/G is not reached by a timing clock
Related violations: <none>

TIMING-20#195 Warning
Non-clocked latch  
The latch sudokugen_inst/board_reg[268] cannot be properly analyzed as its control pin sudokugen_inst/board_reg[268]/G is not reached by a timing clock
Related violations: <none>

TIMING-20#196 Warning
Non-clocked latch  
The latch sudokugen_inst/board_reg[269] cannot be properly analyzed as its control pin sudokugen_inst/board_reg[269]/G is not reached by a timing clock
Related violations: <none>

TIMING-20#197 Warning
Non-clocked latch  
The latch sudokugen_inst/board_reg[26] cannot be properly analyzed as its control pin sudokugen_inst/board_reg[26]/G is not reached by a timing clock
Related violations: <none>

TIMING-20#198 Warning
Non-clocked latch  
The latch sudokugen_inst/board_reg[270] cannot be properly analyzed as its control pin sudokugen_inst/board_reg[270]/G is not reached by a timing clock
Related violations: <none>

TIMING-20#199 Warning
Non-clocked latch  
The latch sudokugen_inst/board_reg[271] cannot be properly analyzed as its control pin sudokugen_inst/board_reg[271]/G is not reached by a timing clock
Related violations: <none>

TIMING-20#200 Warning
Non-clocked latch  
The latch sudokugen_inst/board_reg[272] cannot be properly analyzed as its control pin sudokugen_inst/board_reg[272]/G is not reached by a timing clock
Related violations: <none>

TIMING-20#201 Warning
Non-clocked latch  
The latch sudokugen_inst/board_reg[273] cannot be properly analyzed as its control pin sudokugen_inst/board_reg[273]/G is not reached by a timing clock
Related violations: <none>

TIMING-20#202 Warning
Non-clocked latch  
The latch sudokugen_inst/board_reg[274] cannot be properly analyzed as its control pin sudokugen_inst/board_reg[274]/G is not reached by a timing clock
Related violations: <none>

TIMING-20#203 Warning
Non-clocked latch  
The latch sudokugen_inst/board_reg[275] cannot be properly analyzed as its control pin sudokugen_inst/board_reg[275]/G is not reached by a timing clock
Related violations: <none>

TIMING-20#204 Warning
Non-clocked latch  
The latch sudokugen_inst/board_reg[276] cannot be properly analyzed as its control pin sudokugen_inst/board_reg[276]/G is not reached by a timing clock
Related violations: <none>

TIMING-20#205 Warning
Non-clocked latch  
The latch sudokugen_inst/board_reg[277] cannot be properly analyzed as its control pin sudokugen_inst/board_reg[277]/G is not reached by a timing clock
Related violations: <none>

TIMING-20#206 Warning
Non-clocked latch  
The latch sudokugen_inst/board_reg[278] cannot be properly analyzed as its control pin sudokugen_inst/board_reg[278]/G is not reached by a timing clock
Related violations: <none>

TIMING-20#207 Warning
Non-clocked latch  
The latch sudokugen_inst/board_reg[279] cannot be properly analyzed as its control pin sudokugen_inst/board_reg[279]/G is not reached by a timing clock
Related violations: <none>

TIMING-20#208 Warning
Non-clocked latch  
The latch sudokugen_inst/board_reg[27] cannot be properly analyzed as its control pin sudokugen_inst/board_reg[27]/G is not reached by a timing clock
Related violations: <none>

TIMING-20#209 Warning
Non-clocked latch  
The latch sudokugen_inst/board_reg[280] cannot be properly analyzed as its control pin sudokugen_inst/board_reg[280]/G is not reached by a timing clock
Related violations: <none>

TIMING-20#210 Warning
Non-clocked latch  
The latch sudokugen_inst/board_reg[281] cannot be properly analyzed as its control pin sudokugen_inst/board_reg[281]/G is not reached by a timing clock
Related violations: <none>

TIMING-20#211 Warning
Non-clocked latch  
The latch sudokugen_inst/board_reg[282] cannot be properly analyzed as its control pin sudokugen_inst/board_reg[282]/G is not reached by a timing clock
Related violations: <none>

TIMING-20#212 Warning
Non-clocked latch  
The latch sudokugen_inst/board_reg[283] cannot be properly analyzed as its control pin sudokugen_inst/board_reg[283]/G is not reached by a timing clock
Related violations: <none>

TIMING-20#213 Warning
Non-clocked latch  
The latch sudokugen_inst/board_reg[284] cannot be properly analyzed as its control pin sudokugen_inst/board_reg[284]/G is not reached by a timing clock
Related violations: <none>

TIMING-20#214 Warning
Non-clocked latch  
The latch sudokugen_inst/board_reg[285] cannot be properly analyzed as its control pin sudokugen_inst/board_reg[285]/G is not reached by a timing clock
Related violations: <none>

TIMING-20#215 Warning
Non-clocked latch  
The latch sudokugen_inst/board_reg[286] cannot be properly analyzed as its control pin sudokugen_inst/board_reg[286]/G is not reached by a timing clock
Related violations: <none>

TIMING-20#216 Warning
Non-clocked latch  
The latch sudokugen_inst/board_reg[287] cannot be properly analyzed as its control pin sudokugen_inst/board_reg[287]/G is not reached by a timing clock
Related violations: <none>

TIMING-20#217 Warning
Non-clocked latch  
The latch sudokugen_inst/board_reg[288] cannot be properly analyzed as its control pin sudokugen_inst/board_reg[288]/G is not reached by a timing clock
Related violations: <none>

TIMING-20#218 Warning
Non-clocked latch  
The latch sudokugen_inst/board_reg[289] cannot be properly analyzed as its control pin sudokugen_inst/board_reg[289]/G is not reached by a timing clock
Related violations: <none>

TIMING-20#219 Warning
Non-clocked latch  
The latch sudokugen_inst/board_reg[28] cannot be properly analyzed as its control pin sudokugen_inst/board_reg[28]/G is not reached by a timing clock
Related violations: <none>

TIMING-20#220 Warning
Non-clocked latch  
The latch sudokugen_inst/board_reg[290] cannot be properly analyzed as its control pin sudokugen_inst/board_reg[290]/G is not reached by a timing clock
Related violations: <none>

TIMING-20#221 Warning
Non-clocked latch  
The latch sudokugen_inst/board_reg[291] cannot be properly analyzed as its control pin sudokugen_inst/board_reg[291]/G is not reached by a timing clock
Related violations: <none>

TIMING-20#222 Warning
Non-clocked latch  
The latch sudokugen_inst/board_reg[292] cannot be properly analyzed as its control pin sudokugen_inst/board_reg[292]/G is not reached by a timing clock
Related violations: <none>

TIMING-20#223 Warning
Non-clocked latch  
The latch sudokugen_inst/board_reg[293] cannot be properly analyzed as its control pin sudokugen_inst/board_reg[293]/G is not reached by a timing clock
Related violations: <none>

TIMING-20#224 Warning
Non-clocked latch  
The latch sudokugen_inst/board_reg[294] cannot be properly analyzed as its control pin sudokugen_inst/board_reg[294]/G is not reached by a timing clock
Related violations: <none>

TIMING-20#225 Warning
Non-clocked latch  
The latch sudokugen_inst/board_reg[295] cannot be properly analyzed as its control pin sudokugen_inst/board_reg[295]/G is not reached by a timing clock
Related violations: <none>

TIMING-20#226 Warning
Non-clocked latch  
The latch sudokugen_inst/board_reg[296] cannot be properly analyzed as its control pin sudokugen_inst/board_reg[296]/G is not reached by a timing clock
Related violations: <none>

TIMING-20#227 Warning
Non-clocked latch  
The latch sudokugen_inst/board_reg[297] cannot be properly analyzed as its control pin sudokugen_inst/board_reg[297]/G is not reached by a timing clock
Related violations: <none>

TIMING-20#228 Warning
Non-clocked latch  
The latch sudokugen_inst/board_reg[298] cannot be properly analyzed as its control pin sudokugen_inst/board_reg[298]/G is not reached by a timing clock
Related violations: <none>

TIMING-20#229 Warning
Non-clocked latch  
The latch sudokugen_inst/board_reg[299] cannot be properly analyzed as its control pin sudokugen_inst/board_reg[299]/G is not reached by a timing clock
Related violations: <none>

TIMING-20#230 Warning
Non-clocked latch  
The latch sudokugen_inst/board_reg[29] cannot be properly analyzed as its control pin sudokugen_inst/board_reg[29]/G is not reached by a timing clock
Related violations: <none>

TIMING-20#231 Warning
Non-clocked latch  
The latch sudokugen_inst/board_reg[2] cannot be properly analyzed as its control pin sudokugen_inst/board_reg[2]/G is not reached by a timing clock
Related violations: <none>

TIMING-20#232 Warning
Non-clocked latch  
The latch sudokugen_inst/board_reg[300] cannot be properly analyzed as its control pin sudokugen_inst/board_reg[300]/G is not reached by a timing clock
Related violations: <none>

TIMING-20#233 Warning
Non-clocked latch  
The latch sudokugen_inst/board_reg[301] cannot be properly analyzed as its control pin sudokugen_inst/board_reg[301]/G is not reached by a timing clock
Related violations: <none>

TIMING-20#234 Warning
Non-clocked latch  
The latch sudokugen_inst/board_reg[302] cannot be properly analyzed as its control pin sudokugen_inst/board_reg[302]/G is not reached by a timing clock
Related violations: <none>

TIMING-20#235 Warning
Non-clocked latch  
The latch sudokugen_inst/board_reg[303] cannot be properly analyzed as its control pin sudokugen_inst/board_reg[303]/G is not reached by a timing clock
Related violations: <none>

TIMING-20#236 Warning
Non-clocked latch  
The latch sudokugen_inst/board_reg[304] cannot be properly analyzed as its control pin sudokugen_inst/board_reg[304]/G is not reached by a timing clock
Related violations: <none>

TIMING-20#237 Warning
Non-clocked latch  
The latch sudokugen_inst/board_reg[305] cannot be properly analyzed as its control pin sudokugen_inst/board_reg[305]/G is not reached by a timing clock
Related violations: <none>

TIMING-20#238 Warning
Non-clocked latch  
The latch sudokugen_inst/board_reg[306] cannot be properly analyzed as its control pin sudokugen_inst/board_reg[306]/G is not reached by a timing clock
Related violations: <none>

TIMING-20#239 Warning
Non-clocked latch  
The latch sudokugen_inst/board_reg[307] cannot be properly analyzed as its control pin sudokugen_inst/board_reg[307]/G is not reached by a timing clock
Related violations: <none>

TIMING-20#240 Warning
Non-clocked latch  
The latch sudokugen_inst/board_reg[308] cannot be properly analyzed as its control pin sudokugen_inst/board_reg[308]/G is not reached by a timing clock
Related violations: <none>

TIMING-20#241 Warning
Non-clocked latch  
The latch sudokugen_inst/board_reg[309] cannot be properly analyzed as its control pin sudokugen_inst/board_reg[309]/G is not reached by a timing clock
Related violations: <none>

TIMING-20#242 Warning
Non-clocked latch  
The latch sudokugen_inst/board_reg[30] cannot be properly analyzed as its control pin sudokugen_inst/board_reg[30]/G is not reached by a timing clock
Related violations: <none>

TIMING-20#243 Warning
Non-clocked latch  
The latch sudokugen_inst/board_reg[310] cannot be properly analyzed as its control pin sudokugen_inst/board_reg[310]/G is not reached by a timing clock
Related violations: <none>

TIMING-20#244 Warning
Non-clocked latch  
The latch sudokugen_inst/board_reg[311] cannot be properly analyzed as its control pin sudokugen_inst/board_reg[311]/G is not reached by a timing clock
Related violations: <none>

TIMING-20#245 Warning
Non-clocked latch  
The latch sudokugen_inst/board_reg[312] cannot be properly analyzed as its control pin sudokugen_inst/board_reg[312]/G is not reached by a timing clock
Related violations: <none>

TIMING-20#246 Warning
Non-clocked latch  
The latch sudokugen_inst/board_reg[313] cannot be properly analyzed as its control pin sudokugen_inst/board_reg[313]/G is not reached by a timing clock
Related violations: <none>

TIMING-20#247 Warning
Non-clocked latch  
The latch sudokugen_inst/board_reg[314] cannot be properly analyzed as its control pin sudokugen_inst/board_reg[314]/G is not reached by a timing clock
Related violations: <none>

TIMING-20#248 Warning
Non-clocked latch  
The latch sudokugen_inst/board_reg[315] cannot be properly analyzed as its control pin sudokugen_inst/board_reg[315]/G is not reached by a timing clock
Related violations: <none>

TIMING-20#249 Warning
Non-clocked latch  
The latch sudokugen_inst/board_reg[316] cannot be properly analyzed as its control pin sudokugen_inst/board_reg[316]/G is not reached by a timing clock
Related violations: <none>

TIMING-20#250 Warning
Non-clocked latch  
The latch sudokugen_inst/board_reg[317] cannot be properly analyzed as its control pin sudokugen_inst/board_reg[317]/G is not reached by a timing clock
Related violations: <none>

TIMING-20#251 Warning
Non-clocked latch  
The latch sudokugen_inst/board_reg[318] cannot be properly analyzed as its control pin sudokugen_inst/board_reg[318]/G is not reached by a timing clock
Related violations: <none>

TIMING-20#252 Warning
Non-clocked latch  
The latch sudokugen_inst/board_reg[319] cannot be properly analyzed as its control pin sudokugen_inst/board_reg[319]/G is not reached by a timing clock
Related violations: <none>

TIMING-20#253 Warning
Non-clocked latch  
The latch sudokugen_inst/board_reg[31] cannot be properly analyzed as its control pin sudokugen_inst/board_reg[31]/G is not reached by a timing clock
Related violations: <none>

TIMING-20#254 Warning
Non-clocked latch  
The latch sudokugen_inst/board_reg[320] cannot be properly analyzed as its control pin sudokugen_inst/board_reg[320]/G is not reached by a timing clock
Related violations: <none>

TIMING-20#255 Warning
Non-clocked latch  
The latch sudokugen_inst/board_reg[321] cannot be properly analyzed as its control pin sudokugen_inst/board_reg[321]/G is not reached by a timing clock
Related violations: <none>

TIMING-20#256 Warning
Non-clocked latch  
The latch sudokugen_inst/board_reg[322] cannot be properly analyzed as its control pin sudokugen_inst/board_reg[322]/G is not reached by a timing clock
Related violations: <none>

TIMING-20#257 Warning
Non-clocked latch  
The latch sudokugen_inst/board_reg[323] cannot be properly analyzed as its control pin sudokugen_inst/board_reg[323]/G is not reached by a timing clock
Related violations: <none>

TIMING-20#258 Warning
Non-clocked latch  
The latch sudokugen_inst/board_reg[32] cannot be properly analyzed as its control pin sudokugen_inst/board_reg[32]/G is not reached by a timing clock
Related violations: <none>

TIMING-20#259 Warning
Non-clocked latch  
The latch sudokugen_inst/board_reg[33] cannot be properly analyzed as its control pin sudokugen_inst/board_reg[33]/G is not reached by a timing clock
Related violations: <none>

TIMING-20#260 Warning
Non-clocked latch  
The latch sudokugen_inst/board_reg[34] cannot be properly analyzed as its control pin sudokugen_inst/board_reg[34]/G is not reached by a timing clock
Related violations: <none>

TIMING-20#261 Warning
Non-clocked latch  
The latch sudokugen_inst/board_reg[35] cannot be properly analyzed as its control pin sudokugen_inst/board_reg[35]/G is not reached by a timing clock
Related violations: <none>

TIMING-20#262 Warning
Non-clocked latch  
The latch sudokugen_inst/board_reg[36] cannot be properly analyzed as its control pin sudokugen_inst/board_reg[36]/G is not reached by a timing clock
Related violations: <none>

TIMING-20#263 Warning
Non-clocked latch  
The latch sudokugen_inst/board_reg[37] cannot be properly analyzed as its control pin sudokugen_inst/board_reg[37]/G is not reached by a timing clock
Related violations: <none>

TIMING-20#264 Warning
Non-clocked latch  
The latch sudokugen_inst/board_reg[38] cannot be properly analyzed as its control pin sudokugen_inst/board_reg[38]/G is not reached by a timing clock
Related violations: <none>

TIMING-20#265 Warning
Non-clocked latch  
The latch sudokugen_inst/board_reg[39] cannot be properly analyzed as its control pin sudokugen_inst/board_reg[39]/G is not reached by a timing clock
Related violations: <none>

TIMING-20#266 Warning
Non-clocked latch  
The latch sudokugen_inst/board_reg[3] cannot be properly analyzed as its control pin sudokugen_inst/board_reg[3]/G is not reached by a timing clock
Related violations: <none>

TIMING-20#267 Warning
Non-clocked latch  
The latch sudokugen_inst/board_reg[40] cannot be properly analyzed as its control pin sudokugen_inst/board_reg[40]/G is not reached by a timing clock
Related violations: <none>

TIMING-20#268 Warning
Non-clocked latch  
The latch sudokugen_inst/board_reg[41] cannot be properly analyzed as its control pin sudokugen_inst/board_reg[41]/G is not reached by a timing clock
Related violations: <none>

TIMING-20#269 Warning
Non-clocked latch  
The latch sudokugen_inst/board_reg[42] cannot be properly analyzed as its control pin sudokugen_inst/board_reg[42]/G is not reached by a timing clock
Related violations: <none>

TIMING-20#270 Warning
Non-clocked latch  
The latch sudokugen_inst/board_reg[43] cannot be properly analyzed as its control pin sudokugen_inst/board_reg[43]/G is not reached by a timing clock
Related violations: <none>

TIMING-20#271 Warning
Non-clocked latch  
The latch sudokugen_inst/board_reg[44] cannot be properly analyzed as its control pin sudokugen_inst/board_reg[44]/G is not reached by a timing clock
Related violations: <none>

TIMING-20#272 Warning
Non-clocked latch  
The latch sudokugen_inst/board_reg[45] cannot be properly analyzed as its control pin sudokugen_inst/board_reg[45]/G is not reached by a timing clock
Related violations: <none>

TIMING-20#273 Warning
Non-clocked latch  
The latch sudokugen_inst/board_reg[46] cannot be properly analyzed as its control pin sudokugen_inst/board_reg[46]/G is not reached by a timing clock
Related violations: <none>

TIMING-20#274 Warning
Non-clocked latch  
The latch sudokugen_inst/board_reg[47] cannot be properly analyzed as its control pin sudokugen_inst/board_reg[47]/G is not reached by a timing clock
Related violations: <none>

TIMING-20#275 Warning
Non-clocked latch  
The latch sudokugen_inst/board_reg[48] cannot be properly analyzed as its control pin sudokugen_inst/board_reg[48]/G is not reached by a timing clock
Related violations: <none>

TIMING-20#276 Warning
Non-clocked latch  
The latch sudokugen_inst/board_reg[49] cannot be properly analyzed as its control pin sudokugen_inst/board_reg[49]/G is not reached by a timing clock
Related violations: <none>

TIMING-20#277 Warning
Non-clocked latch  
The latch sudokugen_inst/board_reg[4] cannot be properly analyzed as its control pin sudokugen_inst/board_reg[4]/G is not reached by a timing clock
Related violations: <none>

TIMING-20#278 Warning
Non-clocked latch  
The latch sudokugen_inst/board_reg[50] cannot be properly analyzed as its control pin sudokugen_inst/board_reg[50]/G is not reached by a timing clock
Related violations: <none>

TIMING-20#279 Warning
Non-clocked latch  
The latch sudokugen_inst/board_reg[51] cannot be properly analyzed as its control pin sudokugen_inst/board_reg[51]/G is not reached by a timing clock
Related violations: <none>

TIMING-20#280 Warning
Non-clocked latch  
The latch sudokugen_inst/board_reg[52] cannot be properly analyzed as its control pin sudokugen_inst/board_reg[52]/G is not reached by a timing clock
Related violations: <none>

TIMING-20#281 Warning
Non-clocked latch  
The latch sudokugen_inst/board_reg[53] cannot be properly analyzed as its control pin sudokugen_inst/board_reg[53]/G is not reached by a timing clock
Related violations: <none>

TIMING-20#282 Warning
Non-clocked latch  
The latch sudokugen_inst/board_reg[54] cannot be properly analyzed as its control pin sudokugen_inst/board_reg[54]/G is not reached by a timing clock
Related violations: <none>

TIMING-20#283 Warning
Non-clocked latch  
The latch sudokugen_inst/board_reg[55] cannot be properly analyzed as its control pin sudokugen_inst/board_reg[55]/G is not reached by a timing clock
Related violations: <none>

TIMING-20#284 Warning
Non-clocked latch  
The latch sudokugen_inst/board_reg[56] cannot be properly analyzed as its control pin sudokugen_inst/board_reg[56]/G is not reached by a timing clock
Related violations: <none>

TIMING-20#285 Warning
Non-clocked latch  
The latch sudokugen_inst/board_reg[57] cannot be properly analyzed as its control pin sudokugen_inst/board_reg[57]/G is not reached by a timing clock
Related violations: <none>

TIMING-20#286 Warning
Non-clocked latch  
The latch sudokugen_inst/board_reg[58] cannot be properly analyzed as its control pin sudokugen_inst/board_reg[58]/G is not reached by a timing clock
Related violations: <none>

TIMING-20#287 Warning
Non-clocked latch  
The latch sudokugen_inst/board_reg[59] cannot be properly analyzed as its control pin sudokugen_inst/board_reg[59]/G is not reached by a timing clock
Related violations: <none>

TIMING-20#288 Warning
Non-clocked latch  
The latch sudokugen_inst/board_reg[5] cannot be properly analyzed as its control pin sudokugen_inst/board_reg[5]/G is not reached by a timing clock
Related violations: <none>

TIMING-20#289 Warning
Non-clocked latch  
The latch sudokugen_inst/board_reg[60] cannot be properly analyzed as its control pin sudokugen_inst/board_reg[60]/G is not reached by a timing clock
Related violations: <none>

TIMING-20#290 Warning
Non-clocked latch  
The latch sudokugen_inst/board_reg[61] cannot be properly analyzed as its control pin sudokugen_inst/board_reg[61]/G is not reached by a timing clock
Related violations: <none>

TIMING-20#291 Warning
Non-clocked latch  
The latch sudokugen_inst/board_reg[62] cannot be properly analyzed as its control pin sudokugen_inst/board_reg[62]/G is not reached by a timing clock
Related violations: <none>

TIMING-20#292 Warning
Non-clocked latch  
The latch sudokugen_inst/board_reg[63] cannot be properly analyzed as its control pin sudokugen_inst/board_reg[63]/G is not reached by a timing clock
Related violations: <none>

TIMING-20#293 Warning
Non-clocked latch  
The latch sudokugen_inst/board_reg[64] cannot be properly analyzed as its control pin sudokugen_inst/board_reg[64]/G is not reached by a timing clock
Related violations: <none>

TIMING-20#294 Warning
Non-clocked latch  
The latch sudokugen_inst/board_reg[65] cannot be properly analyzed as its control pin sudokugen_inst/board_reg[65]/G is not reached by a timing clock
Related violations: <none>

TIMING-20#295 Warning
Non-clocked latch  
The latch sudokugen_inst/board_reg[66] cannot be properly analyzed as its control pin sudokugen_inst/board_reg[66]/G is not reached by a timing clock
Related violations: <none>

TIMING-20#296 Warning
Non-clocked latch  
The latch sudokugen_inst/board_reg[67] cannot be properly analyzed as its control pin sudokugen_inst/board_reg[67]/G is not reached by a timing clock
Related violations: <none>

TIMING-20#297 Warning
Non-clocked latch  
The latch sudokugen_inst/board_reg[68] cannot be properly analyzed as its control pin sudokugen_inst/board_reg[68]/G is not reached by a timing clock
Related violations: <none>

TIMING-20#298 Warning
Non-clocked latch  
The latch sudokugen_inst/board_reg[69] cannot be properly analyzed as its control pin sudokugen_inst/board_reg[69]/G is not reached by a timing clock
Related violations: <none>

TIMING-20#299 Warning
Non-clocked latch  
The latch sudokugen_inst/board_reg[6] cannot be properly analyzed as its control pin sudokugen_inst/board_reg[6]/G is not reached by a timing clock
Related violations: <none>

TIMING-20#300 Warning
Non-clocked latch  
The latch sudokugen_inst/board_reg[70] cannot be properly analyzed as its control pin sudokugen_inst/board_reg[70]/G is not reached by a timing clock
Related violations: <none>

TIMING-20#301 Warning
Non-clocked latch  
The latch sudokugen_inst/board_reg[71] cannot be properly analyzed as its control pin sudokugen_inst/board_reg[71]/G is not reached by a timing clock
Related violations: <none>

TIMING-20#302 Warning
Non-clocked latch  
The latch sudokugen_inst/board_reg[72] cannot be properly analyzed as its control pin sudokugen_inst/board_reg[72]/G is not reached by a timing clock
Related violations: <none>

TIMING-20#303 Warning
Non-clocked latch  
The latch sudokugen_inst/board_reg[73] cannot be properly analyzed as its control pin sudokugen_inst/board_reg[73]/G is not reached by a timing clock
Related violations: <none>

TIMING-20#304 Warning
Non-clocked latch  
The latch sudokugen_inst/board_reg[74] cannot be properly analyzed as its control pin sudokugen_inst/board_reg[74]/G is not reached by a timing clock
Related violations: <none>

TIMING-20#305 Warning
Non-clocked latch  
The latch sudokugen_inst/board_reg[75] cannot be properly analyzed as its control pin sudokugen_inst/board_reg[75]/G is not reached by a timing clock
Related violations: <none>

TIMING-20#306 Warning
Non-clocked latch  
The latch sudokugen_inst/board_reg[76] cannot be properly analyzed as its control pin sudokugen_inst/board_reg[76]/G is not reached by a timing clock
Related violations: <none>

TIMING-20#307 Warning
Non-clocked latch  
The latch sudokugen_inst/board_reg[77] cannot be properly analyzed as its control pin sudokugen_inst/board_reg[77]/G is not reached by a timing clock
Related violations: <none>

TIMING-20#308 Warning
Non-clocked latch  
The latch sudokugen_inst/board_reg[78] cannot be properly analyzed as its control pin sudokugen_inst/board_reg[78]/G is not reached by a timing clock
Related violations: <none>

TIMING-20#309 Warning
Non-clocked latch  
The latch sudokugen_inst/board_reg[79] cannot be properly analyzed as its control pin sudokugen_inst/board_reg[79]/G is not reached by a timing clock
Related violations: <none>

TIMING-20#310 Warning
Non-clocked latch  
The latch sudokugen_inst/board_reg[7] cannot be properly analyzed as its control pin sudokugen_inst/board_reg[7]/G is not reached by a timing clock
Related violations: <none>

TIMING-20#311 Warning
Non-clocked latch  
The latch sudokugen_inst/board_reg[80] cannot be properly analyzed as its control pin sudokugen_inst/board_reg[80]/G is not reached by a timing clock
Related violations: <none>

TIMING-20#312 Warning
Non-clocked latch  
The latch sudokugen_inst/board_reg[81] cannot be properly analyzed as its control pin sudokugen_inst/board_reg[81]/G is not reached by a timing clock
Related violations: <none>

TIMING-20#313 Warning
Non-clocked latch  
The latch sudokugen_inst/board_reg[82] cannot be properly analyzed as its control pin sudokugen_inst/board_reg[82]/G is not reached by a timing clock
Related violations: <none>

TIMING-20#314 Warning
Non-clocked latch  
The latch sudokugen_inst/board_reg[83] cannot be properly analyzed as its control pin sudokugen_inst/board_reg[83]/G is not reached by a timing clock
Related violations: <none>

TIMING-20#315 Warning
Non-clocked latch  
The latch sudokugen_inst/board_reg[84] cannot be properly analyzed as its control pin sudokugen_inst/board_reg[84]/G is not reached by a timing clock
Related violations: <none>

TIMING-20#316 Warning
Non-clocked latch  
The latch sudokugen_inst/board_reg[85] cannot be properly analyzed as its control pin sudokugen_inst/board_reg[85]/G is not reached by a timing clock
Related violations: <none>

TIMING-20#317 Warning
Non-clocked latch  
The latch sudokugen_inst/board_reg[86] cannot be properly analyzed as its control pin sudokugen_inst/board_reg[86]/G is not reached by a timing clock
Related violations: <none>

TIMING-20#318 Warning
Non-clocked latch  
The latch sudokugen_inst/board_reg[87] cannot be properly analyzed as its control pin sudokugen_inst/board_reg[87]/G is not reached by a timing clock
Related violations: <none>

TIMING-20#319 Warning
Non-clocked latch  
The latch sudokugen_inst/board_reg[88] cannot be properly analyzed as its control pin sudokugen_inst/board_reg[88]/G is not reached by a timing clock
Related violations: <none>

TIMING-20#320 Warning
Non-clocked latch  
The latch sudokugen_inst/board_reg[89] cannot be properly analyzed as its control pin sudokugen_inst/board_reg[89]/G is not reached by a timing clock
Related violations: <none>

TIMING-20#321 Warning
Non-clocked latch  
The latch sudokugen_inst/board_reg[8] cannot be properly analyzed as its control pin sudokugen_inst/board_reg[8]/G is not reached by a timing clock
Related violations: <none>

TIMING-20#322 Warning
Non-clocked latch  
The latch sudokugen_inst/board_reg[90] cannot be properly analyzed as its control pin sudokugen_inst/board_reg[90]/G is not reached by a timing clock
Related violations: <none>

TIMING-20#323 Warning
Non-clocked latch  
The latch sudokugen_inst/board_reg[91] cannot be properly analyzed as its control pin sudokugen_inst/board_reg[91]/G is not reached by a timing clock
Related violations: <none>

TIMING-20#324 Warning
Non-clocked latch  
The latch sudokugen_inst/board_reg[92] cannot be properly analyzed as its control pin sudokugen_inst/board_reg[92]/G is not reached by a timing clock
Related violations: <none>

TIMING-20#325 Warning
Non-clocked latch  
The latch sudokugen_inst/board_reg[93] cannot be properly analyzed as its control pin sudokugen_inst/board_reg[93]/G is not reached by a timing clock
Related violations: <none>

TIMING-20#326 Warning
Non-clocked latch  
The latch sudokugen_inst/board_reg[94] cannot be properly analyzed as its control pin sudokugen_inst/board_reg[94]/G is not reached by a timing clock
Related violations: <none>

TIMING-20#327 Warning
Non-clocked latch  
The latch sudokugen_inst/board_reg[95] cannot be properly analyzed as its control pin sudokugen_inst/board_reg[95]/G is not reached by a timing clock
Related violations: <none>

TIMING-20#328 Warning
Non-clocked latch  
The latch sudokugen_inst/board_reg[96] cannot be properly analyzed as its control pin sudokugen_inst/board_reg[96]/G is not reached by a timing clock
Related violations: <none>

TIMING-20#329 Warning
Non-clocked latch  
The latch sudokugen_inst/board_reg[97] cannot be properly analyzed as its control pin sudokugen_inst/board_reg[97]/G is not reached by a timing clock
Related violations: <none>

TIMING-20#330 Warning
Non-clocked latch  
The latch sudokugen_inst/board_reg[98] cannot be properly analyzed as its control pin sudokugen_inst/board_reg[98]/G is not reached by a timing clock
Related violations: <none>

TIMING-20#331 Warning
Non-clocked latch  
The latch sudokugen_inst/board_reg[99] cannot be properly analyzed as its control pin sudokugen_inst/board_reg[99]/G is not reached by a timing clock
Related violations: <none>

TIMING-20#332 Warning
Non-clocked latch  
The latch sudokugen_inst/board_reg[9] cannot be properly analyzed as its control pin sudokugen_inst/board_reg[9]/G is not reached by a timing clock
Related violations: <none>


